This file contains any messages produced by compilers while
running configure, to aid debugging if configure makes a mistake.

It was created by neon configure 0.27.2, which was
generated by GNU Autoconf 2.59.  Invocation command line was

  $ ./configure --disable-webdav --disable-debug --disable-libtool-lock --disable-nls

## --------- ##
## Platform. ##
## --------- ##

hostname = localhost.localdomain
uname -m = i686
uname -r = 2.6.22.9-91.fc7
uname -s = Linux
uname -v = #1 SMP Thu Sep 27 23:10:59 EDT 2007

/usr/bin/uname -p = unknown
/bin/uname -X     = unknown

/bin/arch              = i686
/usr/bin/arch -k       = unknown
/usr/convex/getsysinfo = unknown
hostinfo               = unknown
/bin/machine           = unknown
/usr/bin/oslevel       = unknown
/bin/universe          = unknown

PATH: /usr/bin
PATH: /usr/bin
PATH: /usr/bin
PATH: /usr/lib/qt-3.3/bin
PATH: /usr/kerberos/bin
PATH: /usr/lib/ccache
PATH: /usr/local/bin
PATH: /usr/bin
PATH: /bin
PATH: /usr/X11R6/bin


## ----------- ##
## Core tests. ##
## ----------- ##

configure:1624: checking for a BSD-compatible install
configure:1679: result: /usr/bin/install -c
configure:1772: checking build system type
configure:1790: result: i686-redhat-linux-gnu
configure:1798: checking host system type
configure:1812: result: i686-redhat-linux-gnu
configure:1866: checking for gcc
configure:1882: found /usr/bin/gcc
configure:1892: result: gcc
configure:2136: checking for C compiler version
configure:2139: gcc --version </dev/null >&5
gcc (GCC) 4.1.2 20070925 (Red Hat 4.1.2-27)
Copyright (C) 2006 Free Software Foundation, Inc.
This is free software; see the source for copying conditions.  There is NO
warranty; not even for MERCHANTABILITY or FITNESS FOR A PARTICULAR PURPOSE.

configure:2142: $? = 0
configure:2144: gcc -v </dev/null >&5
Using built-in specs.
Target: i386-redhat-linux
Configured with: ../configure --prefix=/usr --mandir=/usr/share/man --infodir=/usr/share/info --enable-shared --enable-threads=posix --enable-checking=release --with-system-zlib --enable-__cxa_atexit --disable-libunwind-exceptions --enable-languages=c,c++,objc,obj-c++,java,fortran,ada --enable-java-awt=gtk --disable-dssi --enable-plugin --with-java-home=/usr/lib/jvm/java-1.5.0-gcj-1.5.0.0/jre --enable-libgcj-multifile --enable-java-maintainer-mode --with-ecj-jar=/usr/share/java/eclipse-ecj.jar --with-cpu=generic --host=i386-redhat-linux
Thread model: posix
gcc version 4.1.2 20070925 (Red Hat 4.1.2-27)
configure:2147: $? = 0
configure:2149: gcc -V </dev/null >&5
gcc: '-V' option must have argument
configure:2152: $? = 1
configure:2175: checking for C compiler default output file name
configure:2178: gcc    conftest.c  >&5
configure:2181: $? = 0
configure:2227: result: a.out
configure:2232: checking whether the C compiler works
configure:2238: ./a.out
configure:2241: $? = 0
configure:2258: result: yes
configure:2265: checking whether we are cross compiling
configure:2267: result: no
configure:2270: checking for suffix of executables
configure:2272: gcc -o conftest    conftest.c  >&5
configure:2275: $? = 0
configure:2300: result: 
configure:2306: checking for suffix of object files
configure:2327: gcc -c   conftest.c >&5
configure:2330: $? = 0
configure:2352: result: o
configure:2356: checking whether we are using the GNU C compiler
configure:2380: gcc -c   conftest.c >&5
configure:2386: $? = 0
configure:2390: test -z 
			 || test ! -s conftest.err
configure:2393: $? = 0
configure:2396: test -s conftest.o
configure:2399: $? = 0
configure:2412: result: yes
configure:2418: checking whether gcc accepts -g
configure:2439: gcc -c -g  conftest.c >&5
configure:2445: $? = 0
configure:2449: test -z 
			 || test ! -s conftest.err
configure:2452: $? = 0
configure:2455: test -s conftest.o
configure:2458: $? = 0
configure:2469: result: yes
configure:2486: checking for gcc option to accept ANSI C
configure:2556: gcc  -c -g -O2  conftest.c >&5
configure:2562: $? = 0
configure:2566: test -z 
			 || test ! -s conftest.err
configure:2569: $? = 0
configure:2572: test -s conftest.o
configure:2575: $? = 0
configure:2593: result: none needed
configure:2611: gcc -c -g -O2  conftest.c >&5
conftest.c:2: error: expected '=', ',', ';', 'asm' or '__attribute__' before 'me'
configure:2617: $? = 1
configure: failed program was:
| #ifndef __cplusplus
|   choke me
| #endif
configure:2750: checking for a sed that does not truncate output
configure:2806: result: /bin/sed
configure:2809: checking for egrep
configure:2819: result: grep -E
configure:2835: checking for ld used by gcc
configure:2902: result: /usr/bin/ld
configure:2911: checking if the linker (/usr/bin/ld) is GNU ld
configure:2926: result: yes
configure:2931: checking for /usr/bin/ld option to reload object files
configure:2938: result: -r
configure:2956: checking for BSD-compatible nm
configure:3005: result: /usr/bin/nm -B
configure:3009: checking whether ln -s works
configure:3013: result: yes
configure:3020: checking how to recognise dependent libraries
configure:3196: result: pass_all
configure:3433: checking how to run the C preprocessor
configure:3468: gcc -E  conftest.c
configure:3474: $? = 0
configure:3506: gcc -E  conftest.c
conftest.c:11:28: error: ac_nonexistent.h: No such file or directory
configure:3512: $? = 1
configure: failed program was:
| /* confdefs.h.  */
| 
| #define PACKAGE_NAME "neon"
| #define PACKAGE_TARNAME "neon"
| #define PACKAGE_VERSION "0.27.2"
| #define PACKAGE_STRING "neon 0.27.2"
| #define PACKAGE_BUGREPORT "neon@webdav.org"
| #define _GNU_SOURCE 1
| #define NEON_IS_LIBRARY 1
| /* end confdefs.h.  */
| #include <ac_nonexistent.h>
configure:3551: result: gcc -E
configure:3575: gcc -E  conftest.c
configure:3581: $? = 0
configure:3613: gcc -E  conftest.c
conftest.c:11:28: error: ac_nonexistent.h: No such file or directory
configure:3619: $? = 1
configure: failed program was:
| /* confdefs.h.  */
| 
| #define PACKAGE_NAME "neon"
| #define PACKAGE_TARNAME "neon"
| #define PACKAGE_VERSION "0.27.2"
| #define PACKAGE_STRING "neon 0.27.2"
| #define PACKAGE_BUGREPORT "neon@webdav.org"
| #define _GNU_SOURCE 1
| #define NEON_IS_LIBRARY 1
| /* end confdefs.h.  */
| #include <ac_nonexistent.h>
configure:3663: checking for ANSI C header files
configure:3688: gcc -c -g -O2  conftest.c >&5
configure:3694: $? = 0
configure:3698: test -z 
			 || test ! -s conftest.err
configure:3701: $? = 0
configure:3704: test -s conftest.o
configure:3707: $? = 0
configure:3796: gcc -o conftest -g -O2   conftest.c  >&5
conftest.c: In function 'main':
conftest.c:28: warning: incompatible implicit declaration of built-in function 'exit'
configure:3799: $? = 0
configure:3801: ./conftest
configure:3804: $? = 0
configure:3819: result: yes
configure:3843: checking for sys/types.h
configure:3859: gcc -c -g -O2  conftest.c >&5
configure:3865: $? = 0
configure:3869: test -z 
			 || test ! -s conftest.err
configure:3872: $? = 0
configure:3875: test -s conftest.o
configure:3878: $? = 0
configure:3889: result: yes
configure:3843: checking for sys/stat.h
configure:3859: gcc -c -g -O2  conftest.c >&5
configure:3865: $? = 0
configure:3869: test -z 
			 || test ! -s conftest.err
configure:3872: $? = 0
configure:3875: test -s conftest.o
configure:3878: $? = 0
configure:3889: result: yes
configure:3843: checking for stdlib.h
configure:3859: gcc -c -g -O2  conftest.c >&5
configure:3865: $? = 0
configure:3869: test -z 
			 || test ! -s conftest.err
configure:3872: $? = 0
configure:3875: test -s conftest.o
configure:3878: $? = 0
configure:3889: result: yes
configure:3843: checking for string.h
configure:3859: gcc -c -g -O2  conftest.c >&5
configure:3865: $? = 0
configure:3869: test -z 
			 || test ! -s conftest.err
configure:3872: $? = 0
configure:3875: test -s conftest.o
configure:3878: $? = 0
configure:3889: result: yes
configure:3843: checking for memory.h
configure:3859: gcc -c -g -O2  conftest.c >&5
configure:3865: $? = 0
configure:3869: test -z 
			 || test ! -s conftest.err
configure:3872: $? = 0
configure:3875: test -s conftest.o
configure:3878: $? = 0
configure:3889: result: yes
configure:3843: checking for strings.h
configure:3859: gcc -c -g -O2  conftest.c >&5
configure:3865: $? = 0
configure:3869: test -z 
			 || test ! -s conftest.err
configure:3872: $? = 0
configure:3875: test -s conftest.o
configure:3878: $? = 0
configure:3889: result: yes
configure:3843: checking for inttypes.h
configure:3859: gcc -c -g -O2  conftest.c >&5
configure:3865: $? = 0
configure:3869: test -z 
			 || test ! -s conftest.err
configure:3872: $? = 0
configure:3875: test -s conftest.o
configure:3878: $? = 0
configure:3889: result: yes
configure:3843: checking for stdint.h
configure:3859: gcc -c -g -O2  conftest.c >&5
configure:3865: $? = 0
configure:3869: test -z 
			 || test ! -s conftest.err
configure:3872: $? = 0
configure:3875: test -s conftest.o
configure:3878: $? = 0
configure:3889: result: yes
configure:3843: checking for unistd.h
configure:3859: gcc -c -g -O2  conftest.c >&5
configure:3865: $? = 0
configure:3869: test -z 
			 || test ! -s conftest.err
configure:3872: $? = 0
configure:3875: test -s conftest.o
configure:3878: $? = 0
configure:3889: result: yes
configure:3915: checking dlfcn.h usability
configure:3927: gcc -c -g -O2  conftest.c >&5
configure:3933: $? = 0
configure:3937: test -z 
			 || test ! -s conftest.err
configure:3940: $? = 0
configure:3943: test -s conftest.o
configure:3946: $? = 0
configure:3956: result: yes
configure:3960: checking dlfcn.h presence
configure:3970: gcc -E  conftest.c
configure:3976: $? = 0
configure:3996: result: yes
configure:4031: checking for dlfcn.h
configure:4038: result: yes
configure:4103: checking for g++
configure:4119: found /usr/bin/g++
configure:4129: result: g++
configure:4145: checking for C++ compiler version
configure:4148: g++ --version </dev/null >&5
g++ (GCC) 4.1.2 20070925 (Red Hat 4.1.2-27)
Copyright (C) 2006 Free Software Foundation, Inc.
This is free software; see the source for copying conditions.  There is NO
warranty; not even for MERCHANTABILITY or FITNESS FOR A PARTICULAR PURPOSE.

configure:4151: $? = 0
configure:4153: g++ -v </dev/null >&5
Using built-in specs.
Target: i386-redhat-linux
Configured with: ../configure --prefix=/usr --mandir=/usr/share/man --infodir=/usr/share/info --enable-shared --enable-threads=posix --enable-checking=release --with-system-zlib --enable-__cxa_atexit --disable-libunwind-exceptions --enable-languages=c,c++,objc,obj-c++,java,fortran,ada --enable-java-awt=gtk --disable-dssi --enable-plugin --with-java-home=/usr/lib/jvm/java-1.5.0-gcj-1.5.0.0/jre --enable-libgcj-multifile --enable-java-maintainer-mode --with-ecj-jar=/usr/share/java/eclipse-ecj.jar --with-cpu=generic --host=i386-redhat-linux
Thread model: posix
gcc version 4.1.2 20070925 (Red Hat 4.1.2-27)
configure:4156: $? = 0
configure:4158: g++ -V </dev/null >&5
g++: '-V' option must have argument
configure:4161: $? = 1
configure:4164: checking whether we are using the GNU C++ compiler
configure:4188: g++ -c   conftest.cc >&5
configure:4194: $? = 0
configure:4198: test -z 
			 || test ! -s conftest.err
configure:4201: $? = 0
configure:4204: test -s conftest.o
configure:4207: $? = 0
configure:4220: result: yes
configure:4226: checking whether g++ accepts -g
configure:4247: g++ -c -g  conftest.cc >&5
configure:4253: $? = 0
configure:4257: test -z 
			 || test ! -s conftest.err
configure:4260: $? = 0
configure:4263: test -s conftest.o
configure:4266: $? = 0
configure:4277: result: yes
configure:4319: g++ -c -g -O2  conftest.cc >&5
configure:4325: $? = 0
configure:4329: test -z 
			 || test ! -s conftest.err
configure:4332: $? = 0
configure:4335: test -s conftest.o
configure:4338: $? = 0
configure:4364: g++ -c -g -O2  conftest.cc >&5
conftest.cc: In function 'int main()':
conftest.cc:26: error: 'exit' was not declared in this scope
configure:4370: $? = 1
configure: failed program was:
| /* confdefs.h.  */
| 
| #define PACKAGE_NAME "neon"
| #define PACKAGE_TARNAME "neon"
| #define PACKAGE_VERSION "0.27.2"
| #define PACKAGE_STRING "neon 0.27.2"
| #define PACKAGE_BUGREPORT "neon@webdav.org"
| #define _GNU_SOURCE 1
| #define NEON_IS_LIBRARY 1
| #define STDC_HEADERS 1
| #define HAVE_SYS_TYPES_H 1
| #define HAVE_SYS_STAT_H 1
| #define HAVE_STDLIB_H 1
| #define HAVE_STRING_H 1
| #define HAVE_MEMORY_H 1
| #define HAVE_STRINGS_H 1
| #define HAVE_INTTYPES_H 1
| #define HAVE_STDINT_H 1
| #define HAVE_UNISTD_H 1
| #define HAVE_DLFCN_H 1
| /* end confdefs.h.  */
| 
| int
| main ()
| {
| exit (42);
|   ;
|   return 0;
| }
configure:4319: g++ -c -g -O2  conftest.cc >&5
configure:4325: $? = 0
configure:4329: test -z 
			 || test ! -s conftest.err
configure:4332: $? = 0
configure:4335: test -s conftest.o
configure:4338: $? = 0
configure:4364: g++ -c -g -O2  conftest.cc >&5
configure:4370: $? = 0
configure:4374: test -z 
			 || test ! -s conftest.err
configure:4377: $? = 0
configure:4380: test -s conftest.o
configure:4383: $? = 0
configure:4416: checking how to run the C++ preprocessor
configure:4447: g++ -E  conftest.cc
configure:4453: $? = 0
configure:4485: g++ -E  conftest.cc
conftest.cc:25:28: error: ac_nonexistent.h: No such file or directory
configure:4491: $? = 1
configure: failed program was:
| /* confdefs.h.  */
| 
| #define PACKAGE_NAME "neon"
| #define PACKAGE_TARNAME "neon"
| #define PACKAGE_VERSION "0.27.2"
| #define PACKAGE_STRING "neon 0.27.2"
| #define PACKAGE_BUGREPORT "neon@webdav.org"
| #define _GNU_SOURCE 1
| #define NEON_IS_LIBRARY 1
| #define STDC_HEADERS 1
| #define HAVE_SYS_TYPES_H 1
| #define HAVE_SYS_STAT_H 1
| #define HAVE_STDLIB_H 1
| #define HAVE_STRING_H 1
| #define HAVE_MEMORY_H 1
| #define HAVE_STRINGS_H 1
| #define HAVE_INTTYPES_H 1
| #define HAVE_STDINT_H 1
| #define HAVE_UNISTD_H 1
| #define HAVE_DLFCN_H 1
| #ifdef __cplusplus
| extern "C" void std::exit (int) throw (); using std::exit;
| #endif
| /* end confdefs.h.  */
| #include <ac_nonexistent.h>
configure:4530: result: g++ -E
configure:4554: g++ -E  conftest.cc
configure:4560: $? = 0
configure:4592: g++ -E  conftest.cc
conftest.cc:25:28: error: ac_nonexistent.h: No such file or directory
configure:4598: $? = 1
configure: failed program was:
| /* confdefs.h.  */
| 
| #define PACKAGE_NAME "neon"
| #define PACKAGE_TARNAME "neon"
| #define PACKAGE_VERSION "0.27.2"
| #define PACKAGE_STRING "neon 0.27.2"
| #define PACKAGE_BUGREPORT "neon@webdav.org"
| #define _GNU_SOURCE 1
| #define NEON_IS_LIBRARY 1
| #define STDC_HEADERS 1
| #define HAVE_SYS_TYPES_H 1
| #define HAVE_SYS_STAT_H 1
| #define HAVE_STDLIB_H 1
| #define HAVE_STRING_H 1
| #define HAVE_MEMORY_H 1
| #define HAVE_STRINGS_H 1
| #define HAVE_INTTYPES_H 1
| #define HAVE_STDINT_H 1
| #define HAVE_UNISTD_H 1
| #define HAVE_DLFCN_H 1
| #ifdef __cplusplus
| extern "C" void std::exit (int) throw (); using std::exit;
| #endif
| /* end confdefs.h.  */
| #include <ac_nonexistent.h>
configure:4695: checking for g77
configure:4724: result: no
configure:4695: checking for f77
configure:4724: result: no
configure:4695: checking for xlf
configure:4724: result: no
configure:4695: checking for frt
configure:4724: result: no
configure:4695: checking for pgf77
configure:4724: result: no
configure:4695: checking for fort77
configure:4724: result: no
configure:4695: checking for fl32
configure:4724: result: no
configure:4695: checking for af77
configure:4724: result: no
configure:4695: checking for f90
configure:4724: result: no
configure:4695: checking for xlf90
configure:4724: result: no
configure:4695: checking for pgf90
configure:4724: result: no
configure:4695: checking for epcf90
configure:4724: result: no
configure:4695: checking for f95
configure:4711: found /usr/bin/f95
configure:4721: result: f95
configure:4736: checking for Fortran 77 compiler version
configure:4739: f95 --version </dev/null >&5
GNU Fortran (GCC) 4.1.2 20070925 (Red Hat 4.1.2-27)
Copyright (C) 2007 Free Software Foundation, Inc.

GNU Fortran comes with NO WARRANTY, to the extent permitted by law.
You may redistribute copies of GNU Fortran
under the terms of the GNU General Public License.
For more information about these matters, see the file named COPYING

configure:4742: $? = 0
configure:4744: f95 -v </dev/null >&5
Using built-in specs.
Target: i386-redhat-linux
Configured with: ../configure --prefix=/usr --mandir=/usr/share/man --infodir=/usr/share/info --enable-shared --enable-threads=posix --enable-checking=release --with-system-zlib --enable-__cxa_atexit --disable-libunwind-exceptions --enable-languages=c,c++,objc,obj-c++,java,fortran,ada --enable-java-awt=gtk --disable-dssi --enable-plugin --with-java-home=/usr/lib/jvm/java-1.5.0-gcj-1.5.0.0/jre --enable-libgcj-multifile --enable-java-maintainer-mode --with-ecj-jar=/usr/share/java/eclipse-ecj.jar --with-cpu=generic --host=i386-redhat-linux
Thread model: posix
gcc version 4.1.2 20070925 (Red Hat 4.1.2-27)
configure:4747: $? = 0
configure:4749: f95 -V </dev/null >&5
f95: '-V' option must have argument
configure:4752: $? = 1
configure:4760: checking whether we are using the GNU Fortran 77 compiler
configure:4774: f95 -c  conftest.F >&5
configure:4780: $? = 0
configure:4784: test -z 
			 || test ! -s conftest.err
configure:4787: $? = 0
configure:4790: test -s conftest.o
configure:4793: $? = 0
configure:4806: result: yes
configure:4812: checking whether f95 accepts -g
configure:4824: f95 -c -g conftest.f >&5
configure:4830: $? = 0
configure:4834: test -z 
			 || test ! -s conftest.err
configure:4837: $? = 0
configure:4840: test -s conftest.o
configure:4843: $? = 0
configure:4855: result: yes
configure:4885: checking the maximum length of command line arguments
configure:4994: result: 32768
configure:5005: checking command to parse /usr/bin/nm -B output from gcc object
configure:5110: gcc -c -g -O2  conftest.c >&5
configure:5113: $? = 0
configure:5117: /usr/bin/nm -B conftest.o \| sed -n -e 's/^.*[ 	]\([ABCDGIRSTW][ABCDGIRSTW]*\)[ 	][ 	]*\([_A-Za-z][_A-Za-z0-9]*\)$/\1 \2 \2/p' \> conftest.nm
configure:5120: $? = 0
configure:5172: gcc -o conftest -g -O2   conftest.c conftstm.o >&5
configure:5175: $? = 0
configure:5213: result: ok
configure:5217: checking for objdir
configure:5232: result: .libs
configure:5322: checking for ar
configure:5338: found /usr/bin/ar
configure:5349: result: ar
configure:5402: checking for ranlib
configure:5418: found /usr/bin/ranlib
configure:5429: result: ranlib
configure:5482: checking for strip
configure:5498: found /usr/bin/strip
configure:5509: result: strip
configure:5781: checking if gcc supports -fno-rtti -fno-exceptions
configure:5799: gcc -c -g -O2  -fno-rtti -fno-exceptions conftest.c >&5
cc1: warning: command line option "-fno-rtti" is valid for C++/ObjC++ but not for C
configure:5803: $? = 0
configure:5816: result: no
configure:5831: checking for gcc option to produce PIC
configure:6041: result: -fPIC
configure:6049: checking if gcc PIC flag -fPIC works
configure:6067: gcc -c -g -O2  -fPIC -DPIC conftest.c >&5
configure:6071: $? = 0
configure:6084: result: yes
configure:6112: checking if gcc static flag -static works
configure:6140: result: yes
configure:6150: checking if gcc supports -c -o file.o
configure:6171: gcc -c -g -O2  -o out/conftest2.o conftest.c >&5
configure:6175: $? = 0
configure:6197: result: yes
configure:6223: checking whether the gcc linker (/usr/bin/ld) supports shared libraries
configure:7181: result: yes
configure:7248: checking dynamic linker characteristics
configure:7857: result: GNU/Linux ld.so
configure:7866: checking how to hardcode library paths into programs
configure:7891: result: immediate
configure:7905: checking whether stripping libraries is possible
configure:7910: result: yes
configure:8744: checking if libtool supports shared libraries
configure:8746: result: yes
configure:8749: checking whether to build shared libraries
configure:8770: result: no
configure:8773: checking whether to build static libraries
configure:8777: result: yes
configure:8869: creating libtool
configure:9460: checking for ld used by g++
configure:9527: result: /usr/bin/ld
configure:9536: checking if the linker (/usr/bin/ld) is GNU ld
configure:9551: result: yes
configure:9602: checking whether the g++ linker (/usr/bin/ld) supports shared libraries
configure:10540: result: yes
configure:10558: g++ -c -g -O2  conftest.cpp >&5
configure:10561: $? = 0
configure:10680: checking for g++ option to produce PIC
configure:10954: result: -fPIC
configure:10962: checking if g++ PIC flag -fPIC works
configure:10980: g++ -c -g -O2  -fPIC -DPIC conftest.cpp >&5
configure:10984: $? = 0
configure:10997: result: yes
configure:11025: checking if g++ static flag -static works
configure:11053: result: yes
configure:11063: checking if g++ supports -c -o file.o
configure:11084: g++ -c -g -O2  -o out/conftest2.o conftest.cpp >&5
configure:11088: $? = 0
configure:11110: result: yes
configure:11136: checking whether the g++ linker (/usr/bin/ld) supports shared libraries
configure:11161: result: yes
configure:11228: checking dynamic linker characteristics
configure:11837: result: GNU/Linux ld.so
configure:11846: checking how to hardcode library paths into programs
configure:11871: result: immediate
configure:12400: checking if libtool supports shared libraries
configure:12402: result: yes
configure:12405: checking whether to build shared libraries
configure:12425: result: no
configure:12428: checking whether to build static libraries
configure:12432: result: yes
configure:12442: checking for f95 option to produce PIC
configure:12652: result: -fPIC
configure:12660: checking if f95 PIC flag -fPIC works
configure:12678: f95 -c -g -O2 -fPIC conftest.f >&5
configure:12682: $? = 0
configure:12695: result: yes
configure:12723: checking if f95 static flag -static works
configure:12751: result: yes
configure:12761: checking if f95 supports -c -o file.o
configure:12782: f95 -c -g -O2 -o out/conftest2.o conftest.f >&5
configure:12786: $? = 0
configure:12808: result: yes
configure:12834: checking whether the f95 linker (/usr/bin/ld) supports shared libraries
configure:13772: result: yes
configure:13839: checking dynamic linker characteristics
configure:14448: result: GNU/Linux ld.so
configure:14457: checking how to hardcode library paths into programs
configure:14482: result: immediate
configure:18156: checking for strerror in -lcposix
configure:18186: gcc -o conftest -g -O2   conftest.c -lcposix   >&5
/usr/bin/ld: cannot find -lcposix
collect2: ld returned 1 exit status
configure:18192: $? = 1
configure: failed program was:
| /* confdefs.h.  */
| 
| #define PACKAGE_NAME "neon"
| #define PACKAGE_TARNAME "neon"
| #define PACKAGE_VERSION "0.27.2"
| #define PACKAGE_STRING "neon 0.27.2"
| #define PACKAGE_BUGREPORT "neon@webdav.org"
| #define _GNU_SOURCE 1
| #define NEON_IS_LIBRARY 1
| #define STDC_HEADERS 1
| #define HAVE_SYS_TYPES_H 1
| #define HAVE_SYS_STAT_H 1
| #define HAVE_STDLIB_H 1
| #define HAVE_STRING_H 1
| #define HAVE_MEMORY_H 1
| #define HAVE_STRINGS_H 1
| #define HAVE_INTTYPES_H 1
| #define HAVE_STDINT_H 1
| #define HAVE_UNISTD_H 1
| #define HAVE_DLFCN_H 1
| #ifdef __cplusplus
| extern "C" void std::exit (int) throw (); using std::exit;
| #endif
| #define NEON_VERSION "0.27.2"
| #define NE_VERSION_MAJOR (0)
| #define NE_VERSION_MINOR (27)
| #define NE_VERSION_PATCH (2)
| /* end confdefs.h.  */
| 
| /* Override any gcc2 internal prototype to avoid an error.  */
| #ifdef __cplusplus
| extern "C"
| #endif
| /* We use char because int might match the return type of a gcc2
|    builtin and then its argument prototype would still apply.  */
| char strerror ();
| int
| main ()
| {
| strerror ();
|   ;
|   return 0;
| }
configure:18218: result: no
configure:18226: checking for inline
configure:18247: gcc -c -g -O2  conftest.c >&5
configure:18253: $? = 0
configure:18257: test -z 
			 || test ! -s conftest.err
configure:18260: $? = 0
configure:18263: test -s conftest.o
configure:18266: $? = 0
configure:18278: result: inline
configure:18297: checking for an ANSI C-conforming const
configure:18364: gcc -c -g -O2  conftest.c >&5
configure:18370: $? = 0
configure:18374: test -z 
			 || test ! -s conftest.err
configure:18377: $? = 0
configure:18380: test -s conftest.o
configure:18383: $? = 0
configure:18394: result: yes
configure:18404: checking for size_t
configure:18428: gcc -c -g -O2  conftest.c >&5
configure:18434: $? = 0
configure:18438: test -z 
			 || test ! -s conftest.err
configure:18441: $? = 0
configure:18444: test -s conftest.o
configure:18447: $? = 0
configure:18458: result: yes
configure:18470: checking for off_t
configure:18494: gcc -c -g -O2  conftest.c >&5
configure:18500: $? = 0
configure:18504: test -z 
			 || test ! -s conftest.err
configure:18507: $? = 0
configure:18510: test -s conftest.o
configure:18513: $? = 0
configure:18524: result: yes
configure:18538: checking for uname
configure:18547: result: Linux
configure:18559: checking whether make sets $(MAKE)
configure:18579: result: yes
configure:18589: checking for int
configure:18613: gcc -c -g -O2  conftest.c >&5
configure:18619: $? = 0
configure:18623: test -z 
			 || test ! -s conftest.err
configure:18626: $? = 0
configure:18629: test -s conftest.o
configure:18632: $? = 0
configure:18643: result: yes
configure:18646: checking size of int
configure:18965: gcc -o conftest -g -O2   conftest.c  >&5
configure:18968: $? = 0
configure:18970: ./conftest
configure:18973: $? = 0
configure:18996: result: 4
configure:19003: checking for long
configure:19027: gcc -c -g -O2  conftest.c >&5
configure:19033: $? = 0
configure:19037: test -z 
			 || test ! -s conftest.err
configure:19040: $? = 0
configure:19043: test -s conftest.o
configure:19046: $? = 0
configure:19057: result: yes
configure:19060: checking size of long
configure:19379: gcc -o conftest -g -O2   conftest.c  >&5
configure:19382: $? = 0
configure:19384: ./conftest
configure:19387: $? = 0
configure:19410: result: 4
configure:19417: checking for long long
configure:19441: gcc -c -g -O2  conftest.c >&5
configure:19447: $? = 0
configure:19451: test -z 
			 || test ! -s conftest.err
configure:19454: $? = 0
configure:19457: test -s conftest.o
configure:19460: $? = 0
configure:19471: result: yes
configure:19474: checking size of long long
configure:19793: gcc -o conftest -g -O2   conftest.c  >&5
configure:19796: $? = 0
configure:19798: ./conftest
configure:19801: $? = 0
configure:19824: result: 8
configure:19832: checking for gcc -Wformat -Werror sanity
configure:19858: gcc -c -g -O2  -Wformat -Werror conftest.c >&5
configure:19864: $? = 0
configure:19868: test -z 
			 || test ! -s conftest.err
configure:19871: $? = 0
configure:19874: test -s conftest.o
configure:19877: $? = 0
configure:19889: result: yes
configure:19931: checking errno.h usability
configure:19943: gcc -c -g -O2  conftest.c >&5
configure:19949: $? = 0
configure:19953: test -z 
			 || test ! -s conftest.err
configure:19956: $? = 0
configure:19959: test -s conftest.o
configure:19962: $? = 0
configure:19972: result: yes
configure:19976: checking errno.h presence
configure:19986: gcc -E  conftest.c
configure:19992: $? = 0
configure:20012: result: yes
configure:20047: checking for errno.h
configure:20054: result: yes
configure:19931: checking stdarg.h usability
configure:19943: gcc -c -g -O2  conftest.c >&5
configure:19949: $? = 0
configure:19953: test -z 
			 || test ! -s conftest.err
configure:19956: $? = 0
configure:19959: test -s conftest.o
configure:19962: $? = 0
configure:19972: result: yes
configure:19976: checking stdarg.h presence
configure:19986: gcc -E  conftest.c
configure:19992: $? = 0
configure:20012: result: yes
configure:20047: checking for stdarg.h
configure:20054: result: yes
configure:19922: checking for string.h
configure:19927: result: yes
configure:19922: checking for stdlib.h
configure:19927: result: yes
configure:20072: checking for size_t
configure:20128: result: yes
configure:20131: checking size of size_t
configure:20462: gcc -o conftest -g -O2   conftest.c  >&5
configure:20465: $? = 0
configure:20467: ./conftest
configure:20470: $? = 0
configure:20493: result: 4
configure:20505: checking how to print size_t
configure:20535: gcc -c -g -O2  -Wformat -Werror conftest.c >&5
configure:20541: $? = 0
configure:20545: test -z 
			 || test ! -s conftest.err
configure:20548: $? = 0
configure:20551: test -s conftest.o
configure:20554: $? = 0
configure:20576: result: u
configure:20594: checking for off_t
configure:20650: result: yes
configure:20653: checking size of off_t
configure:20984: gcc -o conftest -g -O2   conftest.c  >&5
configure:20987: $? = 0
configure:20989: ./conftest
configure:20992: $? = 0
configure:21015: result: 4
configure:21027: checking how to print off_t
configure:21057: gcc -c -g -O2  -Wformat -Werror conftest.c >&5
cc1: warnings being treated as errors
conftest.c: In function 'main':
conftest.c:45: warning: format '%d' expects type 'int', but argument 2 has type 'off_t'
configure:21063: $? = 1
configure: failed program was:
| /* confdefs.h.  */
| 
| #define PACKAGE_NAME "neon"
| #define PACKAGE_TARNAME "neon"
| #define PACKAGE_VERSION "0.27.2"
| #define PACKAGE_STRING "neon 0.27.2"
| #define PACKAGE_BUGREPORT "neon@webdav.org"
| #define _GNU_SOURCE 1
| #define NEON_IS_LIBRARY 1
| #define STDC_HEADERS 1
| #define HAVE_SYS_TYPES_H 1
| #define HAVE_SYS_STAT_H 1
| #define HAVE_STDLIB_H 1
| #define HAVE_STRING_H 1
| #define HAVE_MEMORY_H 1
| #define HAVE_STRINGS_H 1
| #define HAVE_INTTYPES_H 1
| #define HAVE_STDINT_H 1
| #define HAVE_UNISTD_H 1
| #define HAVE_DLFCN_H 1
| #ifdef __cplusplus
| extern "C" void std::exit (int) throw (); using std::exit;
| #endif
| #define NEON_VERSION "0.27.2"
| #define NE_VERSION_MAJOR (0)
| #define NE_VERSION_MINOR (27)
| #define NE_VERSION_PATCH (2)
| #define SIZEOF_INT 4
| #define SIZEOF_LONG 4
| #define SIZEOF_LONG_LONG 8
| #define HAVE_ERRNO_H 1
| #define HAVE_STDARG_H 1
| #define HAVE_STRING_H 1
| #define HAVE_STDLIB_H 1
| #define SIZEOF_SIZE_T 4
| #define NE_FMT_SIZE_T "u"
| #define SIZEOF_OFF_T 4
| /* end confdefs.h.  */
| #include <sys/types.h>
| 
| #include <stdio.h>
| int
| main ()
| {
| off_t i = 1; printf("%d", i);
|   ;
|   return 0;
| }
configure:21057: gcc -c -g -O2  -Wformat -Werror conftest.c >&5
configure:21063: $? = 0
configure:21067: test -z 
			 || test ! -s conftest.err
configure:21070: $? = 0
configure:21073: test -s conftest.o
configure:21076: $? = 0
configure:21098: result: ld
configure:21117: checking for ssize_t
configure:21143: gcc -c -g -O2  conftest.c >&5
configure:21149: $? = 0
configure:21153: test -z 
			 || test ! -s conftest.err
configure:21156: $? = 0
configure:21159: test -s conftest.o
configure:21162: $? = 0
configure:21173: result: yes
configure:21176: checking size of ssize_t
configure:21507: gcc -o conftest -g -O2   conftest.c  >&5
configure:21510: $? = 0
configure:21512: ./conftest
configure:21515: $? = 0
configure:21538: result: 4
configure:21550: checking how to print ssize_t
configure:21580: gcc -c -g -O2  -Wformat -Werror conftest.c >&5
configure:21586: $? = 0
configure:21590: test -z 
			 || test ! -s conftest.err
configure:21593: $? = 0
configure:21596: test -s conftest.o
configure:21599: $? = 0
configure:21621: result: d
configure:21643: checking for time_t
configure:21672: gcc -c -g -O2  conftest.c >&5
configure:21678: $? = 0
configure:21682: test -z 
			 || test ! -s conftest.err
configure:21685: $? = 0
configure:21688: test -s conftest.o
configure:21691: $? = 0
configure:21702: result: yes
configure:21705: checking size of time_t
configure:22054: gcc -o conftest -g -O2   conftest.c  >&5
configure:22057: $? = 0
configure:22059: ./conftest
configure:22062: $? = 0
configure:22085: result: 4
configure:22097: checking how to print time_t
configure:22130: gcc -c -g -O2  -Wformat -Werror conftest.c >&5
cc1: warnings being treated as errors
conftest.c: In function 'main':
conftest.c:52: warning: format '%d' expects type 'int', but argument 2 has type 'time_t'
configure:22136: $? = 1
configure: failed program was:
| /* confdefs.h.  */
| 
| #define PACKAGE_NAME "neon"
| #define PACKAGE_TARNAME "neon"
| #define PACKAGE_VERSION "0.27.2"
| #define PACKAGE_STRING "neon 0.27.2"
| #define PACKAGE_BUGREPORT "neon@webdav.org"
| #define _GNU_SOURCE 1
| #define NEON_IS_LIBRARY 1
| #define STDC_HEADERS 1
| #define HAVE_SYS_TYPES_H 1
| #define HAVE_SYS_STAT_H 1
| #define HAVE_STDLIB_H 1
| #define HAVE_STRING_H 1
| #define HAVE_MEMORY_H 1
| #define HAVE_STRINGS_H 1
| #define HAVE_INTTYPES_H 1
| #define HAVE_STDINT_H 1
| #define HAVE_UNISTD_H 1
| #define HAVE_DLFCN_H 1
| #ifdef __cplusplus
| extern "C" void std::exit (int) throw (); using std::exit;
| #endif
| #define NEON_VERSION "0.27.2"
| #define NE_VERSION_MAJOR (0)
| #define NE_VERSION_MINOR (27)
| #define NE_VERSION_PATCH (2)
| #define SIZEOF_INT 4
| #define SIZEOF_LONG 4
| #define SIZEOF_LONG_LONG 8
| #define HAVE_ERRNO_H 1
| #define HAVE_STDARG_H 1
| #define HAVE_STRING_H 1
| #define HAVE_STDLIB_H 1
| #define SIZEOF_SIZE_T 4
| #define NE_FMT_SIZE_T "u"
| #define SIZEOF_OFF_T 4
| #define NE_FMT_OFF_T "ld"
| #define SIZEOF_SSIZE_T 4
| #define NE_FMT_SSIZE_T "d"
| #define SIZEOF_TIME_T 4
| /* end confdefs.h.  */
| #include <sys/types.h>
| 
| #ifdef HAVE_SYS_TIME_H
| #include <sys/time.h>
| #endif
| #include <stdio.h>
| int
| main ()
| {
| time_t i = 1; printf("%d", i);
|   ;
|   return 0;
| }
configure:22130: gcc -c -g -O2  -Wformat -Werror conftest.c >&5
configure:22136: $? = 0
configure:22140: test -z 
			 || test ! -s conftest.err
configure:22143: $? = 0
configure:22146: test -s conftest.o
configure:22149: $? = 0
configure:22171: result: ld
configure:22187: checking for pid_t
configure:22211: gcc -c -g -O2  conftest.c >&5
configure:22217: $? = 0
configure:22221: test -z 
			 || test ! -s conftest.err
configure:22224: $? = 0
configure:22227: test -s conftest.o
configure:22230: $? = 0
configure:22241: result: yes
configure:22253: checking whether time.h and sys/time.h may both be included
configure:22278: gcc -c -g -O2  conftest.c >&5
configure:22284: $? = 0
configure:22288: test -z 
			 || test ! -s conftest.err
configure:22291: $? = 0
configure:22294: test -s conftest.o
configure:22297: $? = 0
configure:22308: result: yes
configure:22367: checking for ar
configure:22385: found /usr/bin/ar
configure:22398: result: /usr/bin/ar
configure:22460: checking for ranlib
configure:22478: found /usr/bin/ranlib
configure:22491: result: /usr/bin/ranlib
configure:22531: checking sys/time.h usability
configure:22543: gcc -c -g -O2  conftest.c >&5
configure:22549: $? = 0
configure:22553: test -z 
			 || test ! -s conftest.err
configure:22556: $? = 0
configure:22559: test -s conftest.o
configure:22562: $? = 0
configure:22572: result: yes
configure:22576: checking sys/time.h presence
configure:22586: gcc -E  conftest.c
configure:22592: $? = 0
configure:22612: result: yes
configure:22647: checking for sys/time.h
configure:22654: result: yes
configure:22522: checking for stdint.h
configure:22527: result: yes
configure:22531: checking locale.h usability
configure:22543: gcc -c -g -O2  conftest.c >&5
configure:22549: $? = 0
configure:22553: test -z 
			 || test ! -s conftest.err
configure:22556: $? = 0
configure:22559: test -s conftest.o
configure:22562: $? = 0
configure:22572: result: yes
configure:22576: checking locale.h presence
configure:22586: gcc -E  conftest.c
configure:22592: $? = 0
configure:22612: result: yes
configure:22647: checking for locale.h
configure:22654: result: yes
configure:22676: checking for pipe
configure:22733: gcc -o conftest -g -O2   conftest.c  >&5
configure:22739: $? = 0
configure:22743: test -z 
			 || test ! -s conftest.err
configure:22746: $? = 0
configure:22749: test -s conftest
configure:22752: $? = 0
configure:22764: result: yes
configure:22676: checking for isatty
configure:22733: gcc -o conftest -g -O2   conftest.c  >&5
configure:22739: $? = 0
configure:22743: test -z 
			 || test ! -s conftest.err
configure:22746: $? = 0
configure:22749: test -s conftest
configure:22752: $? = 0
configure:22764: result: yes
configure:22676: checking for usleep
configure:22733: gcc -o conftest -g -O2   conftest.c  >&5
configure:22739: $? = 0
configure:22743: test -z 
			 || test ! -s conftest.err
configure:22746: $? = 0
configure:22749: test -s conftest
configure:22752: $? = 0
configure:22764: result: yes
configure:22676: checking for shutdown
configure:22733: gcc -o conftest -g -O2   conftest.c  >&5
configure:22739: $? = 0
configure:22743: test -z 
			 || test ! -s conftest.err
configure:22746: $? = 0
configure:22749: test -s conftest
configure:22752: $? = 0
configure:22764: result: yes
configure:22676: checking for setlocale
configure:22733: gcc -o conftest -g -O2   conftest.c  >&5
configure:22739: $? = 0
configure:22743: test -z 
			 || test ! -s conftest.err
configure:22746: $? = 0
configure:22749: test -s conftest
configure:22752: $? = 0
configure:22764: result: yes
configure:22779: checking whether byte ordering is bigendian
configure:22806: gcc -c -g -O2  conftest.c >&5
configure:22812: $? = 0
configure:22816: test -z 
			 || test ! -s conftest.err
configure:22819: $? = 0
configure:22822: test -s conftest.o
configure:22825: $? = 0
configure:22849: gcc -c -g -O2  conftest.c >&5
conftest.c: In function 'main':
conftest.c:60: error: 'not' undeclared (first use in this function)
conftest.c:60: error: (Each undeclared identifier is reported only once
conftest.c:60: error: for each function it appears in.)
conftest.c:60: error: expected ';' before 'big'
configure:22855: $? = 1
configure: failed program was:
| /* confdefs.h.  */
| 
| #define PACKAGE_NAME "neon"
| #define PACKAGE_TARNAME "neon"
| #define PACKAGE_VERSION "0.27.2"
| #define PACKAGE_STRING "neon 0.27.2"
| #define PACKAGE_BUGREPORT "neon@webdav.org"
| #define _GNU_SOURCE 1
| #define NEON_IS_LIBRARY 1
| #define STDC_HEADERS 1
| #define HAVE_SYS_TYPES_H 1
| #define HAVE_SYS_STAT_H 1
| #define HAVE_STDLIB_H 1
| #define HAVE_STRING_H 1
| #define HAVE_MEMORY_H 1
| #define HAVE_STRINGS_H 1
| #define HAVE_INTTYPES_H 1
| #define HAVE_STDINT_H 1
| #define HAVE_UNISTD_H 1
| #define HAVE_DLFCN_H 1
| #ifdef __cplusplus
| extern "C" void std::exit (int) throw (); using std::exit;
| #endif
| #define NEON_VERSION "0.27.2"
| #define NE_VERSION_MAJOR (0)
| #define NE_VERSION_MINOR (27)
| #define NE_VERSION_PATCH (2)
| #define SIZEOF_INT 4
| #define SIZEOF_LONG 4
| #define SIZEOF_LONG_LONG 8
| #define HAVE_ERRNO_H 1
| #define HAVE_STDARG_H 1
| #define HAVE_STRING_H 1
| #define HAVE_STDLIB_H 1
| #define SIZEOF_SIZE_T 4
| #define NE_FMT_SIZE_T "u"
| #define SIZEOF_OFF_T 4
| #define NE_FMT_OFF_T "ld"
| #define SIZEOF_SSIZE_T 4
| #define NE_FMT_SSIZE_T "d"
| #define SIZEOF_TIME_T 4
| #define NE_FMT_TIME_T "ld"
| #define TIME_WITH_SYS_TIME 1
| #define HAVE_SYS_TIME_H 1
| #define HAVE_STDINT_H 1
| #define HAVE_LOCALE_H 1
| #define HAVE_PIPE 1
| #define HAVE_ISATTY 1
| #define HAVE_USLEEP 1
| #define HAVE_SHUTDOWN 1
| #define HAVE_SETLOCALE 1
| /* end confdefs.h.  */
| #include <sys/types.h>
| #include <sys/param.h>
| 
| int
| main ()
| {
| #if BYTE_ORDER != BIG_ENDIAN
|  not big endian
| #endif
| 
|   ;
|   return 0;
| }
configure:22990: result: no
configure:23009: checking whether strerror_r is declared
configure:23033: gcc -c -g -O2  conftest.c >&5
configure:23039: $? = 0
configure:23043: test -z 
			 || test ! -s conftest.err
configure:23046: $? = 0
configure:23049: test -s conftest.o
configure:23052: $? = 0
configure:23063: result: yes
configure:23085: checking for strerror_r
configure:23142: gcc -o conftest -g -O2   conftest.c  >&5
configure:23148: $? = 0
configure:23152: test -z 
			 || test ! -s conftest.err
configure:23155: $? = 0
configure:23158: test -s conftest
configure:23161: $? = 0
configure:23173: result: yes
configure:23183: checking whether strerror_r returns char *
configure:23211: gcc -c -g -O2  conftest.c >&5
configure:23217: $? = 0
configure:23221: test -z 
			 || test ! -s conftest.err
configure:23224: $? = 0
configure:23227: test -s conftest.o
configure:23230: $? = 0
configure:23290: result: yes
configure:23306: checking for snprintf
configure:23363: gcc -o conftest -g -O2   conftest.c  >&5
conftest.c:80: warning: conflicting types for built-in function 'snprintf'
configure:23369: $? = 0
configure:23373: test -z 
			 || test ! -s conftest.err
configure:23376: $? = 0
configure:23379: test -s conftest
configure:23382: $? = 0
configure:23394: result: yes
configure:23306: checking for vsnprintf
configure:23363: gcc -o conftest -g -O2   conftest.c  >&5
conftest.c:81: warning: conflicting types for built-in function 'vsnprintf'
configure:23369: $? = 0
configure:23373: test -z 
			 || test ! -s conftest.err
configure:23376: $? = 0
configure:23379: test -s conftest
configure:23382: $? = 0
configure:23394: result: yes
configure:23672: checking for sys/time.h
configure:23722: result: yes
configure:23672: checking for limits.h
configure:23692: gcc -c -g -O2  conftest.c >&5
configure:23698: $? = 0
configure:23702: test -z 
			 || test ! -s conftest.err
configure:23705: $? = 0
configure:23708: test -s conftest.o
configure:23711: $? = 0
configure:23722: result: yes
configure:23672: checking for sys/select.h
configure:23692: gcc -c -g -O2  conftest.c >&5
configure:23698: $? = 0
configure:23702: test -z 
			 || test ! -s conftest.err
configure:23705: $? = 0
configure:23708: test -s conftest.o
configure:23711: $? = 0
configure:23722: result: yes
configure:23672: checking for arpa/inet.h
configure:23692: gcc -c -g -O2  conftest.c >&5
configure:23698: $? = 0
configure:23702: test -z 
			 || test ! -s conftest.err
configure:23705: $? = 0
configure:23708: test -s conftest.o
configure:23711: $? = 0
configure:23722: result: yes
configure:23672: checking for libintl.h
configure:23692: gcc -c -g -O2  conftest.c >&5
configure:23698: $? = 0
configure:23702: test -z 
			 || test ! -s conftest.err
configure:23705: $? = 0
configure:23708: test -s conftest.o
configure:23711: $? = 0
configure:23722: result: yes
configure:23672: checking for signal.h
configure:23692: gcc -c -g -O2  conftest.c >&5
configure:23698: $? = 0
configure:23702: test -z 
			 || test ! -s conftest.err
configure:23705: $? = 0
configure:23708: test -s conftest.o
configure:23711: $? = 0
configure:23722: result: yes
configure:23672: checking for sys/socket.h
configure:23692: gcc -c -g -O2  conftest.c >&5
configure:23698: $? = 0
configure:23702: test -z 
			 || test ! -s conftest.err
configure:23705: $? = 0
configure:23708: test -s conftest.o
configure:23711: $? = 0
configure:23722: result: yes
configure:23672: checking for netinet/in.h
configure:23692: gcc -c -g -O2  conftest.c >&5
configure:23698: $? = 0
configure:23702: test -z 
			 || test ! -s conftest.err
configure:23705: $? = 0
configure:23708: test -s conftest.o
configure:23711: $? = 0
configure:23722: result: yes
configure:23672: checking for netinet/tcp.h
configure:23692: gcc -c -g -O2  conftest.c >&5
configure:23698: $? = 0
configure:23702: test -z 
			 || test ! -s conftest.err
configure:23705: $? = 0
configure:23708: test -s conftest.o
configure:23711: $? = 0
configure:23722: result: yes
configure:23672: checking for netdb.h
configure:23692: gcc -c -g -O2  conftest.c >&5
configure:23698: $? = 0
configure:23702: test -z 
			 || test ! -s conftest.err
configure:23705: $? = 0
configure:23708: test -s conftest.o
configure:23711: $? = 0
configure:23722: result: yes
configure:23672: checking for sys/poll.h
configure:23692: gcc -c -g -O2  conftest.c >&5
configure:23698: $? = 0
configure:23702: test -z 
			 || test ! -s conftest.err
configure:23705: $? = 0
configure:23708: test -s conftest.o
configure:23711: $? = 0
configure:23722: result: yes
configure:23672: checking for sys/limits.h
configure:23692: gcc -c -g -O2  conftest.c >&5
conftest.c:108:24: error: sys/limits.h: No such file or directory
configure:23698: $? = 1
configure: failed program was:
| /* confdefs.h.  */
| 
| #define PACKAGE_NAME "neon"
| #define PACKAGE_TARNAME "neon"
| #define PACKAGE_VERSION "0.27.2"
| #define PACKAGE_STRING "neon 0.27.2"
| #define PACKAGE_BUGREPORT "neon@webdav.org"
| #define _GNU_SOURCE 1
| #define NEON_IS_LIBRARY 1
| #define STDC_HEADERS 1
| #define HAVE_SYS_TYPES_H 1
| #define HAVE_SYS_STAT_H 1
| #define HAVE_STDLIB_H 1
| #define HAVE_STRING_H 1
| #define HAVE_MEMORY_H 1
| #define HAVE_STRINGS_H 1
| #define HAVE_INTTYPES_H 1
| #define HAVE_STDINT_H 1
| #define HAVE_UNISTD_H 1
| #define HAVE_DLFCN_H 1
| #ifdef __cplusplus
| extern "C" void std::exit (int) throw (); using std::exit;
| #endif
| #define NEON_VERSION "0.27.2"
| #define NE_VERSION_MAJOR (0)
| #define NE_VERSION_MINOR (27)
| #define NE_VERSION_PATCH (2)
| #define SIZEOF_INT 4
| #define SIZEOF_LONG 4
| #define SIZEOF_LONG_LONG 8
| #define HAVE_ERRNO_H 1
| #define HAVE_STDARG_H 1
| #define HAVE_STRING_H 1
| #define HAVE_STDLIB_H 1
| #define SIZEOF_SIZE_T 4
| #define NE_FMT_SIZE_T "u"
| #define SIZEOF_OFF_T 4
| #define NE_FMT_OFF_T "ld"
| #define SIZEOF_SSIZE_T 4
| #define NE_FMT_SSIZE_T "d"
| #define SIZEOF_TIME_T 4
| #define NE_FMT_TIME_T "ld"
| #define TIME_WITH_SYS_TIME 1
| #define HAVE_SYS_TIME_H 1
| #define HAVE_STDINT_H 1
| #define HAVE_LOCALE_H 1
| #define HAVE_PIPE 1
| #define HAVE_ISATTY 1
| #define HAVE_USLEEP 1
| #define HAVE_SHUTDOWN 1
| #define HAVE_SETLOCALE 1
| #define HAVE_DECL_STRERROR_R 1
| #define HAVE_STRERROR_R 1
| #define STRERROR_R_CHAR_P 1
| #define HAVE_SNPRINTF 1
| #define HAVE_VSNPRINTF 1
| #define HAVE_SYS_TIME_H 1
| #define HAVE_LIMITS_H 1
| #define HAVE_SYS_SELECT_H 1
| #define HAVE_ARPA_INET_H 1
| #define HAVE_LIBINTL_H 1
| #define HAVE_SIGNAL_H 1
| #define HAVE_SYS_SOCKET_H 1
| #define HAVE_NETINET_IN_H 1
| #define HAVE_NETINET_TCP_H 1
| #define HAVE_NETDB_H 1
| #define HAVE_SYS_POLL_H 1
| /* end confdefs.h.  */
| #include <stdio.h>
| #if HAVE_SYS_TYPES_H
| # include <sys/types.h>
| #endif
| #if HAVE_SYS_STAT_H
| # include <sys/stat.h>
| #endif
| #if STDC_HEADERS
| # include <stdlib.h>
| # include <stddef.h>
| #else
| # if HAVE_STDLIB_H
| #  include <stdlib.h>
| # endif
| #endif
| #if HAVE_STRING_H
| # if !STDC_HEADERS && HAVE_MEMORY_H
| #  include <memory.h>
| # endif
| # include <string.h>
| #endif
| #if HAVE_STRINGS_H
| # include <strings.h>
| #endif
| #if HAVE_INTTYPES_H
| # include <inttypes.h>
| #else
| # if HAVE_STDINT_H
| #  include <stdint.h>
| # endif
| #endif
| #if HAVE_UNISTD_H
| # include <unistd.h>
| #endif
| /* netinet/tcp.h requires netinet/in.h on some platforms. */
| #ifdef HAVE_NETINET_IN_H
| #include <netinet/in.h>
| #endif
| 
| #include <sys/limits.h>
configure:23722: result: no
configure:23672: checking for fcntl.h
configure:23692: gcc -c -g -O2  conftest.c >&5
configure:23698: $? = 0
configure:23702: test -z 
			 || test ! -s conftest.err
configure:23705: $? = 0
configure:23708: test -s conftest.o
configure:23711: $? = 0
configure:23722: result: yes
configure:23672: checking for iconv.h
configure:23692: gcc -c -g -O2  conftest.c >&5
configure:23698: $? = 0
configure:23702: test -z 
			 || test ! -s conftest.err
configure:23705: $? = 0
configure:23708: test -s conftest.o
configure:23711: $? = 0
configure:23722: result: yes
configure:23736: checking for timezone global
configure:23759: gcc -o conftest -g -O2   conftest.c  >&5
configure:23765: $? = 0
configure:23769: test -z 
			 || test ! -s conftest.err
configure:23772: $? = 0
configure:23775: test -s conftest
configure:23778: $? = 0
configure:23790: result: yes
configure:23942: checking for off64_t
configure:23966: gcc -c -g -O2  -D_LARGEFILE64_SOURCE conftest.c >&5
configure:23972: $? = 0
configure:23976: test -z 
			 || test ! -s conftest.err
configure:23979: $? = 0
configure:23982: test -s conftest.o
configure:23985: $? = 0
configure:23996: result: yes
configure:24004: checking for off64_t
configure:24060: result: yes
configure:24063: checking size of off64_t
configure:24394: gcc -o conftest -g -O2  -D_LARGEFILE64_SOURCE  conftest.c  >&5
configure:24397: $? = 0
configure:24399: ./conftest
configure:24402: $? = 0
configure:24425: result: 8
configure:24437: checking how to print off64_t
configure:24467: gcc -c -g -O2  -D_LARGEFILE64_SOURCE -Wformat -Werror conftest.c >&5
cc1: warnings being treated as errors
conftest.c: In function 'main':
conftest.c:79: warning: format '%d' expects type 'int', but argument 2 has type 'off64_t'
configure:24473: $? = 1
configure: failed program was:
| /* confdefs.h.  */
| 
| #define PACKAGE_NAME "neon"
| #define PACKAGE_TARNAME "neon"
| #define PACKAGE_VERSION "0.27.2"
| #define PACKAGE_STRING "neon 0.27.2"
| #define PACKAGE_BUGREPORT "neon@webdav.org"
| #define _GNU_SOURCE 1
| #define NEON_IS_LIBRARY 1
| #define STDC_HEADERS 1
| #define HAVE_SYS_TYPES_H 1
| #define HAVE_SYS_STAT_H 1
| #define HAVE_STDLIB_H 1
| #define HAVE_STRING_H 1
| #define HAVE_MEMORY_H 1
| #define HAVE_STRINGS_H 1
| #define HAVE_INTTYPES_H 1
| #define HAVE_STDINT_H 1
| #define HAVE_UNISTD_H 1
| #define HAVE_DLFCN_H 1
| #ifdef __cplusplus
| extern "C" void std::exit (int) throw (); using std::exit;
| #endif
| #define NEON_VERSION "0.27.2"
| #define NE_VERSION_MAJOR (0)
| #define NE_VERSION_MINOR (27)
| #define NE_VERSION_PATCH (2)
| #define SIZEOF_INT 4
| #define SIZEOF_LONG 4
| #define SIZEOF_LONG_LONG 8
| #define HAVE_ERRNO_H 1
| #define HAVE_STDARG_H 1
| #define HAVE_STRING_H 1
| #define HAVE_STDLIB_H 1
| #define SIZEOF_SIZE_T 4
| #define NE_FMT_SIZE_T "u"
| #define SIZEOF_OFF_T 4
| #define NE_FMT_OFF_T "ld"
| #define SIZEOF_SSIZE_T 4
| #define NE_FMT_SSIZE_T "d"
| #define SIZEOF_TIME_T 4
| #define NE_FMT_TIME_T "ld"
| #define TIME_WITH_SYS_TIME 1
| #define HAVE_SYS_TIME_H 1
| #define HAVE_STDINT_H 1
| #define HAVE_LOCALE_H 1
| #define HAVE_PIPE 1
| #define HAVE_ISATTY 1
| #define HAVE_USLEEP 1
| #define HAVE_SHUTDOWN 1
| #define HAVE_SETLOCALE 1
| #define HAVE_DECL_STRERROR_R 1
| #define HAVE_STRERROR_R 1
| #define STRERROR_R_CHAR_P 1
| #define HAVE_SNPRINTF 1
| #define HAVE_VSNPRINTF 1
| #define HAVE_SYS_TIME_H 1
| #define HAVE_LIMITS_H 1
| #define HAVE_SYS_SELECT_H 1
| #define HAVE_ARPA_INET_H 1
| #define HAVE_LIBINTL_H 1
| #define HAVE_SIGNAL_H 1
| #define HAVE_SYS_SOCKET_H 1
| #define HAVE_NETINET_IN_H 1
| #define HAVE_NETINET_TCP_H 1
| #define HAVE_NETDB_H 1
| #define HAVE_SYS_POLL_H 1
| #define HAVE_FCNTL_H 1
| #define HAVE_ICONV_H 1
| #define HAVE_TIMEZONE 1
| #define SIZEOF_OFF64_T 8
| /* end confdefs.h.  */
| #include <sys/types.h>
| 
| #include <stdio.h>
| int
| main ()
| {
| off64_t i = 1; printf("%d", i);
|   ;
|   return 0;
| }
configure:24467: gcc -c -g -O2  -D_LARGEFILE64_SOURCE -Wformat -Werror conftest.c >&5
cc1: warnings being treated as errors
conftest.c: In function 'main':
conftest.c:79: warning: format '%ld' expects type 'long int', but argument 2 has type 'off64_t'
configure:24473: $? = 1
configure: failed program was:
| /* confdefs.h.  */
| 
| #define PACKAGE_NAME "neon"
| #define PACKAGE_TARNAME "neon"
| #define PACKAGE_VERSION "0.27.2"
| #define PACKAGE_STRING "neon 0.27.2"
| #define PACKAGE_BUGREPORT "neon@webdav.org"
| #define _GNU_SOURCE 1
| #define NEON_IS_LIBRARY 1
| #define STDC_HEADERS 1
| #define HAVE_SYS_TYPES_H 1
| #define HAVE_SYS_STAT_H 1
| #define HAVE_STDLIB_H 1
| #define HAVE_STRING_H 1
| #define HAVE_MEMORY_H 1
| #define HAVE_STRINGS_H 1
| #define HAVE_INTTYPES_H 1
| #define HAVE_STDINT_H 1
| #define HAVE_UNISTD_H 1
| #define HAVE_DLFCN_H 1
| #ifdef __cplusplus
| extern "C" void std::exit (int) throw (); using std::exit;
| #endif
| #define NEON_VERSION "0.27.2"
| #define NE_VERSION_MAJOR (0)
| #define NE_VERSION_MINOR (27)
| #define NE_VERSION_PATCH (2)
| #define SIZEOF_INT 4
| #define SIZEOF_LONG 4
| #define SIZEOF_LONG_LONG 8
| #define HAVE_ERRNO_H 1
| #define HAVE_STDARG_H 1
| #define HAVE_STRING_H 1
| #define HAVE_STDLIB_H 1
| #define SIZEOF_SIZE_T 4
| #define NE_FMT_SIZE_T "u"
| #define SIZEOF_OFF_T 4
| #define NE_FMT_OFF_T "ld"
| #define SIZEOF_SSIZE_T 4
| #define NE_FMT_SSIZE_T "d"
| #define SIZEOF_TIME_T 4
| #define NE_FMT_TIME_T "ld"
| #define TIME_WITH_SYS_TIME 1
| #define HAVE_SYS_TIME_H 1
| #define HAVE_STDINT_H 1
| #define HAVE_LOCALE_H 1
| #define HAVE_PIPE 1
| #define HAVE_ISATTY 1
| #define HAVE_USLEEP 1
| #define HAVE_SHUTDOWN 1
| #define HAVE_SETLOCALE 1
| #define HAVE_DECL_STRERROR_R 1
| #define HAVE_STRERROR_R 1
| #define STRERROR_R_CHAR_P 1
| #define HAVE_SNPRINTF 1
| #define HAVE_VSNPRINTF 1
| #define HAVE_SYS_TIME_H 1
| #define HAVE_LIMITS_H 1
| #define HAVE_SYS_SELECT_H 1
| #define HAVE_ARPA_INET_H 1
| #define HAVE_LIBINTL_H 1
| #define HAVE_SIGNAL_H 1
| #define HAVE_SYS_SOCKET_H 1
| #define HAVE_NETINET_IN_H 1
| #define HAVE_NETINET_TCP_H 1
| #define HAVE_NETDB_H 1
| #define HAVE_SYS_POLL_H 1
| #define HAVE_FCNTL_H 1
| #define HAVE_ICONV_H 1
| #define HAVE_TIMEZONE 1
| #define SIZEOF_OFF64_T 8
| /* end confdefs.h.  */
| #include <sys/types.h>
| 
| #include <stdio.h>
| int
| main ()
| {
| off64_t i = 1; printf("%ld", i);
|   ;
|   return 0;
| }
configure:24467: gcc -c -g -O2  -D_LARGEFILE64_SOURCE -Wformat -Werror conftest.c >&5
configure:24473: $? = 0
configure:24477: test -z 
			 || test ! -s conftest.err
configure:24480: $? = 0
configure:24483: test -s conftest.o
configure:24486: $? = 0
configure:24508: result: lld
configure:24529: checking for strtoll
configure:24586: gcc -o conftest -g -O2  -D_LARGEFILE64_SOURCE  conftest.c  >&5
configure:24592: $? = 0
configure:24596: test -z 
			 || test ! -s conftest.err
configure:24599: $? = 0
configure:24602: test -s conftest
configure:24605: $? = 0
configure:24617: result: yes
configure:24632: checking for lseek64
configure:24689: gcc -o conftest -g -O2  -D_LARGEFILE64_SOURCE  conftest.c  >&5
configure:24695: $? = 0
configure:24699: test -z 
			 || test ! -s conftest.err
configure:24702: $? = 0
configure:24705: test -s conftest
configure:24708: $? = 0
configure:24720: result: yes
configure:24632: checking for fstat64
configure:24689: gcc -o conftest -g -O2  -D_LARGEFILE64_SOURCE  conftest.c  >&5
configure:24695: $? = 0
configure:24699: test -z 
			 || test ! -s conftest.err
configure:24702: $? = 0
configure:24705: test -s conftest
configure:24708: $? = 0
configure:24720: result: yes
configure:24742: LFS (large file) support enabled
configure:24786: checking for strcasecmp
configure:24843: gcc -o conftest -g -O2  -D_LARGEFILE64_SOURCE -DNE_LFS  conftest.c  >&5
conftest.c:103: warning: conflicting types for built-in function 'strcasecmp'
configure:24849: $? = 0
configure:24853: test -z 
			 || test ! -s conftest.err
configure:24856: $? = 0
configure:24859: test -s conftest
configure:24862: $? = 0
configure:24874: result: yes
configure:24905: checking for signal
configure:24962: gcc -o conftest -g -O2  -D_LARGEFILE64_SOURCE -DNE_LFS  conftest.c  >&5
configure:24968: $? = 0
configure:24972: test -z 
			 || test ! -s conftest.err
configure:24975: $? = 0
configure:24978: test -s conftest
configure:24981: $? = 0
configure:24993: result: yes
configure:24905: checking for setvbuf
configure:24962: gcc -o conftest -g -O2  -D_LARGEFILE64_SOURCE -DNE_LFS  conftest.c  >&5
configure:24968: $? = 0
configure:24972: test -z 
			 || test ! -s conftest.err
configure:24975: $? = 0
configure:24978: test -s conftest
configure:24981: $? = 0
configure:24993: result: yes
configure:24905: checking for setsockopt
configure:24962: gcc -o conftest -g -O2  -D_LARGEFILE64_SOURCE -DNE_LFS  conftest.c  >&5
configure:24968: $? = 0
configure:24972: test -z 
			 || test ! -s conftest.err
configure:24975: $? = 0
configure:24978: test -s conftest
configure:24981: $? = 0
configure:24993: result: yes
configure:24905: checking for stpcpy
configure:24962: gcc -o conftest -g -O2  -D_LARGEFILE64_SOURCE -DNE_LFS  conftest.c  >&5
conftest.c:107: warning: conflicting types for built-in function 'stpcpy'
configure:24968: $? = 0
configure:24972: test -z 
			 || test ! -s conftest.err
configure:24975: $? = 0
configure:24978: test -s conftest
configure:24981: $? = 0
configure:24993: result: yes
configure:24905: checking for poll
configure:24962: gcc -o conftest -g -O2  -D_LARGEFILE64_SOURCE -DNE_LFS  conftest.c  >&5
configure:24968: $? = 0
configure:24972: test -z 
			 || test ! -s conftest.err
configure:24975: $? = 0
configure:24978: test -s conftest
configure:24981: $? = 0
configure:24993: result: yes
configure:24905: checking for fcntl
configure:24962: gcc -o conftest -g -O2  -D_LARGEFILE64_SOURCE -DNE_LFS  conftest.c  >&5
configure:24968: $? = 0
configure:24972: test -z 
			 || test ! -s conftest.err
configure:24975: $? = 0
configure:24978: test -s conftest
configure:24981: $? = 0
configure:24993: result: yes
configure:24905: checking for getsockopt
configure:24962: gcc -o conftest -g -O2  -D_LARGEFILE64_SOURCE -DNE_LFS  conftest.c  >&5
configure:24968: $? = 0
configure:24972: test -z 
			 || test ! -s conftest.err
configure:24975: $? = 0
configure:24978: test -s conftest
configure:24981: $? = 0
configure:24993: result: yes
configure:25013: checking whether stpcpy is declared
configure:25037: gcc -c -g -O2  -D_LARGEFILE64_SOURCE -DNE_LFS conftest.c >&5
configure:25043: $? = 0
configure:25047: test -z 
			 || test ! -s conftest.err
configure:25050: $? = 0
configure:25053: test -s conftest.o
configure:25056: $? = 0
configure:25067: result: yes
configure:25097: checking for library containing socket
configure:25119: gcc -o conftest -g -O2  -D_LARGEFILE64_SOURCE -DNE_LFS  conftest.c  >&5
configure:25125: $? = 0
configure:25129: test -z 
			 || test ! -s conftest.err
configure:25132: $? = 0
configure:25135: test -s conftest
configure:25138: $? = 0
configure:25208: result: none needed
configure:25228: checking for library containing getaddrinfo
configure:25250: gcc -o conftest -g -O2  -D_LARGEFILE64_SOURCE -DNE_LFS  conftest.c  >&5
configure:25256: $? = 0
configure:25260: test -z 
			 || test ! -s conftest.err
configure:25263: $? = 0
configure:25266: test -s conftest
configure:25269: $? = 0
configure:25339: result: none needed
configure:25362: checking for gai_strerror
configure:25419: gcc -o conftest -g -O2  -D_LARGEFILE64_SOURCE -DNE_LFS  conftest.c   >&5
configure:25425: $? = 0
configure:25429: test -z 
			 || test ! -s conftest.err
configure:25432: $? = 0
configure:25435: test -s conftest
configure:25438: $? = 0
configure:25450: result: yes
configure:25362: checking for getnameinfo
configure:25419: gcc -o conftest -g -O2  -D_LARGEFILE64_SOURCE -DNE_LFS  conftest.c   >&5
configure:25425: $? = 0
configure:25429: test -z 
			 || test ! -s conftest.err
configure:25432: $? = 0
configure:25435: test -s conftest
configure:25438: $? = 0
configure:25450: result: yes
configure:25362: checking for inet_ntop
configure:25419: gcc -o conftest -g -O2  -D_LARGEFILE64_SOURCE -DNE_LFS  conftest.c   >&5
configure:25425: $? = 0
configure:25429: test -z 
			 || test ! -s conftest.err
configure:25432: $? = 0
configure:25435: test -s conftest
configure:25438: $? = 0
configure:25450: result: yes
configure:25599: IPv6 support is enabled
configure:25607: checking for working AI_ADDRCONFIG
configure:25634: gcc -o conftest -g -O2  -D_LARGEFILE64_SOURCE -DNE_LFS  conftest.c  >&5
configure:25637: $? = 0
configure:25639: ./conftest
configure:25642: $? = 0
configure:25656: result: yes
configure:26180: checking for socklen_t
configure:26212: gcc -c -g -O2  -D_LARGEFILE64_SOURCE -DNE_LFS conftest.c >&5
configure:26218: $? = 0
configure:26222: test -z 
			 || test ! -s conftest.err
configure:26225: $? = 0
configure:26228: test -s conftest.o
configure:26231: $? = 0
configure:26242: result: yes
configure:26254: checking for struct tm.tm_gmtoff
configure:26278: gcc -c -g -O2  -D_LARGEFILE64_SOURCE -DNE_LFS conftest.c >&5
configure:26284: $? = 0
configure:26288: test -z 
			 || test ! -s conftest.err
configure:26291: $? = 0
configure:26294: test -s conftest.o
configure:26297: $? = 0
configure:26355: result: yes
configure:26365: checking for struct tm.__tm_gmtoff
configure:26389: gcc -c -g -O2  -D_LARGEFILE64_SOURCE -DNE_LFS conftest.c >&5
conftest.c: In function 'main':
conftest.c:103: error: 'struct tm' has no member named '__tm_gmtoff'
configure:26395: $? = 1
configure: failed program was:
| /* confdefs.h.  */
| 
| #define PACKAGE_NAME "neon"
| #define PACKAGE_TARNAME "neon"
| #define PACKAGE_VERSION "0.27.2"
| #define PACKAGE_STRING "neon 0.27.2"
| #define PACKAGE_BUGREPORT "neon@webdav.org"
| #define _GNU_SOURCE 1
| #define NEON_IS_LIBRARY 1
| #define STDC_HEADERS 1
| #define HAVE_SYS_TYPES_H 1
| #define HAVE_SYS_STAT_H 1
| #define HAVE_STDLIB_H 1
| #define HAVE_STRING_H 1
| #define HAVE_MEMORY_H 1
| #define HAVE_STRINGS_H 1
| #define HAVE_INTTYPES_H 1
| #define HAVE_STDINT_H 1
| #define HAVE_UNISTD_H 1
| #define HAVE_DLFCN_H 1
| #ifdef __cplusplus
| extern "C" void std::exit (int) throw (); using std::exit;
| #endif
| #define NEON_VERSION "0.27.2"
| #define NE_VERSION_MAJOR (0)
| #define NE_VERSION_MINOR (27)
| #define NE_VERSION_PATCH (2)
| #define SIZEOF_INT 4
| #define SIZEOF_LONG 4
| #define SIZEOF_LONG_LONG 8
| #define HAVE_ERRNO_H 1
| #define HAVE_STDARG_H 1
| #define HAVE_STRING_H 1
| #define HAVE_STDLIB_H 1
| #define SIZEOF_SIZE_T 4
| #define NE_FMT_SIZE_T "u"
| #define SIZEOF_OFF_T 4
| #define NE_FMT_OFF_T "ld"
| #define SIZEOF_SSIZE_T 4
| #define NE_FMT_SSIZE_T "d"
| #define SIZEOF_TIME_T 4
| #define NE_FMT_TIME_T "ld"
| #define TIME_WITH_SYS_TIME 1
| #define HAVE_SYS_TIME_H 1
| #define HAVE_STDINT_H 1
| #define HAVE_LOCALE_H 1
| #define HAVE_PIPE 1
| #define HAVE_ISATTY 1
| #define HAVE_USLEEP 1
| #define HAVE_SHUTDOWN 1
| #define HAVE_SETLOCALE 1
| #define HAVE_DECL_STRERROR_R 1
| #define HAVE_STRERROR_R 1
| #define STRERROR_R_CHAR_P 1
| #define HAVE_SNPRINTF 1
| #define HAVE_VSNPRINTF 1
| #define HAVE_SYS_TIME_H 1
| #define HAVE_LIMITS_H 1
| #define HAVE_SYS_SELECT_H 1
| #define HAVE_ARPA_INET_H 1
| #define HAVE_LIBINTL_H 1
| #define HAVE_SIGNAL_H 1
| #define HAVE_SYS_SOCKET_H 1
| #define HAVE_NETINET_IN_H 1
| #define HAVE_NETINET_TCP_H 1
| #define HAVE_NETDB_H 1
| #define HAVE_SYS_POLL_H 1
| #define HAVE_FCNTL_H 1
| #define HAVE_ICONV_H 1
| #define HAVE_TIMEZONE 1
| #define SIZEOF_OFF64_T 8
| #define NE_FMT_OFF64_T "lld"
| #define HAVE_STRTOLL 1
| #define HAVE_LSEEK64 1
| #define HAVE_FSTAT64 1
| #define NE_HAVE_LFS 1
| #define NE_FMT_NE_OFF_T NE_FMT_OFF64_T
| #define HAVE_STRCASECMP 1
| #define HAVE_SIGNAL 1
| #define HAVE_SETVBUF 1
| #define HAVE_SETSOCKOPT 1
| #define HAVE_STPCPY 1
| #define HAVE_POLL 1
| #define HAVE_FCNTL 1
| #define HAVE_GETSOCKOPT 1
| #define NE_USE_POLL 1
| #define HAVE_DECL_STPCPY 1
| #define HAVE_GAI_STRERROR 1
| #define HAVE_GETNAMEINFO 1
| #define HAVE_INET_NTOP 1
| #define NE_HAVE_IPV6 1
| #define USE_GETADDRINFO 1
| #define USE_GAI_ADDRCONFIG 1
| #define HAVE_SOCKLEN_T 1
| #define HAVE_STRUCT_TM_TM_GMTOFF 1
| /* end confdefs.h.  */
| #include <time.h>
| 
| int
| main ()
| {
| static struct tm ac_aggr;
| if (ac_aggr.__tm_gmtoff)
| return 0;
|   ;
|   return 0;
| }
configure:26434: gcc -c -g -O2  -D_LARGEFILE64_SOURCE -DNE_LFS conftest.c >&5
conftest.c: In function 'main':
conftest.c:103: error: 'struct tm' has no member named '__tm_gmtoff'
configure:26440: $? = 1
configure: failed program was:
| /* confdefs.h.  */
| 
| #define PACKAGE_NAME "neon"
| #define PACKAGE_TARNAME "neon"
| #define PACKAGE_VERSION "0.27.2"
| #define PACKAGE_STRING "neon 0.27.2"
| #define PACKAGE_BUGREPORT "neon@webdav.org"
| #define _GNU_SOURCE 1
| #define NEON_IS_LIBRARY 1
| #define STDC_HEADERS 1
| #define HAVE_SYS_TYPES_H 1
| #define HAVE_SYS_STAT_H 1
| #define HAVE_STDLIB_H 1
| #define HAVE_STRING_H 1
| #define HAVE_MEMORY_H 1
| #define HAVE_STRINGS_H 1
| #define HAVE_INTTYPES_H 1
| #define HAVE_STDINT_H 1
| #define HAVE_UNISTD_H 1
| #define HAVE_DLFCN_H 1
| #ifdef __cplusplus
| extern "C" void std::exit (int) throw (); using std::exit;
| #endif
| #define NEON_VERSION "0.27.2"
| #define NE_VERSION_MAJOR (0)
| #define NE_VERSION_MINOR (27)
| #define NE_VERSION_PATCH (2)
| #define SIZEOF_INT 4
| #define SIZEOF_LONG 4
| #define SIZEOF_LONG_LONG 8
| #define HAVE_ERRNO_H 1
| #define HAVE_STDARG_H 1
| #define HAVE_STRING_H 1
| #define HAVE_STDLIB_H 1
| #define SIZEOF_SIZE_T 4
| #define NE_FMT_SIZE_T "u"
| #define SIZEOF_OFF_T 4
| #define NE_FMT_OFF_T "ld"
| #define SIZEOF_SSIZE_T 4
| #define NE_FMT_SSIZE_T "d"
| #define SIZEOF_TIME_T 4
| #define NE_FMT_TIME_T "ld"
| #define TIME_WITH_SYS_TIME 1
| #define HAVE_SYS_TIME_H 1
| #define HAVE_STDINT_H 1
| #define HAVE_LOCALE_H 1
| #define HAVE_PIPE 1
| #define HAVE_ISATTY 1
| #define HAVE_USLEEP 1
| #define HAVE_SHUTDOWN 1
| #define HAVE_SETLOCALE 1
| #define HAVE_DECL_STRERROR_R 1
| #define HAVE_STRERROR_R 1
| #define STRERROR_R_CHAR_P 1
| #define HAVE_SNPRINTF 1
| #define HAVE_VSNPRINTF 1
| #define HAVE_SYS_TIME_H 1
| #define HAVE_LIMITS_H 1
| #define HAVE_SYS_SELECT_H 1
| #define HAVE_ARPA_INET_H 1
| #define HAVE_LIBINTL_H 1
| #define HAVE_SIGNAL_H 1
| #define HAVE_SYS_SOCKET_H 1
| #define HAVE_NETINET_IN_H 1
| #define HAVE_NETINET_TCP_H 1
| #define HAVE_NETDB_H 1
| #define HAVE_SYS_POLL_H 1
| #define HAVE_FCNTL_H 1
| #define HAVE_ICONV_H 1
| #define HAVE_TIMEZONE 1
| #define SIZEOF_OFF64_T 8
| #define NE_FMT_OFF64_T "lld"
| #define HAVE_STRTOLL 1
| #define HAVE_LSEEK64 1
| #define HAVE_FSTAT64 1
| #define NE_HAVE_LFS 1
| #define NE_FMT_NE_OFF_T NE_FMT_OFF64_T
| #define HAVE_STRCASECMP 1
| #define HAVE_SIGNAL 1
| #define HAVE_SETVBUF 1
| #define HAVE_SETSOCKOPT 1
| #define HAVE_STPCPY 1
| #define HAVE_POLL 1
| #define HAVE_FCNTL 1
| #define HAVE_GETSOCKOPT 1
| #define NE_USE_POLL 1
| #define HAVE_DECL_STPCPY 1
| #define HAVE_GAI_STRERROR 1
| #define HAVE_GETNAMEINFO 1
| #define HAVE_INET_NTOP 1
| #define NE_HAVE_IPV6 1
| #define USE_GETADDRINFO 1
| #define USE_GAI_ADDRCONFIG 1
| #define HAVE_SOCKLEN_T 1
| #define HAVE_STRUCT_TM_TM_GMTOFF 1
| /* end confdefs.h.  */
| #include <time.h>
| 
| int
| main ()
| {
| static struct tm ac_aggr;
| if (sizeof ac_aggr.__tm_gmtoff)
| return 0;
|   ;
|   return 0;
| }
configure:26466: result: no
configure:26505: checking zlib.h usability
configure:26517: gcc -c -g -O2  -D_LARGEFILE64_SOURCE -DNE_LFS conftest.c >&5
configure:26523: $? = 0
configure:26527: test -z 
			 || test ! -s conftest.err
configure:26530: $? = 0
configure:26533: test -s conftest.o
configure:26536: $? = 0
configure:26546: result: yes
configure:26550: checking zlib.h presence
configure:26560: gcc -E  -D_LARGEFILE64_SOURCE -DNE_LFS conftest.c
configure:26566: $? = 0
configure:26586: result: yes
configure:26621: checking for zlib.h
configure:26628: result: yes
configure:26634: checking for inflate in -lz
configure:26664: gcc -o conftest -g -O2  -D_LARGEFILE64_SOURCE -DNE_LFS  conftest.c -lz   >&5
configure:26670: $? = 0
configure:26674: test -z 
			 || test ! -s conftest.err
configure:26677: $? = 0
configure:26680: test -s conftest
configure:26683: $? = 0
configure:26696: result: yes
configure:26710: zlib support enabled, using -lz
configure:26748: checking whether to enable ACL support in neon
configure:26751: result: no
configure:28394: SSL support is not enabled
configure:28401: Thread-safe SSL support is not enabled
configure:28570: Thread-safe SSL not supported
configure:28834: SOCKSv5 support is not enabled
configure:28848: checking for krb5-config
configure:28867: found /usr/kerberos/bin/krb5-config
configure:28880: result: /usr/kerberos/bin/krb5-config
configure:28911: checking gssapi/gssapi.h usability
configure:28923: gcc -c -g -O2  -D_LARGEFILE64_SOURCE -DNE_LFS  conftest.c >&5
configure:28929: $? = 0
configure:28933: test -z 
			 || test ! -s conftest.err
configure:28936: $? = 0
configure:28939: test -s conftest.o
configure:28942: $? = 0
configure:28952: result: yes
configure:28956: checking gssapi/gssapi.h presence
configure:28966: gcc -E  -D_LARGEFILE64_SOURCE -DNE_LFS  conftest.c
configure:28972: $? = 0
configure:28992: result: yes
configure:29027: checking for gssapi/gssapi.h
configure:29034: result: yes
configure:29050: checking for gss_init_sec_context
configure:29107: gcc -o conftest -g -O2  -D_LARGEFILE64_SOURCE -DNE_LFS   conftest.c   -lz -lgssapi_krb5 -lkrb5 -lk5crypto -lcom_err >&5
configure:29113: $? = 0
configure:29117: test -z 
			 || test ! -s conftest.err
configure:29120: $? = 0
configure:29123: test -s conftest
configure:29126: $? = 0
configure:29138: result: yes
configure:29147: GSSAPI authentication support enabled
configure:29168: checking gssapi/gssapi_generic.h usability
configure:29180: gcc -c -g -O2  -D_LARGEFILE64_SOURCE -DNE_LFS  conftest.c >&5
configure:29186: $? = 0
configure:29190: test -z 
			 || test ! -s conftest.err
configure:29193: $? = 0
configure:29196: test -s conftest.o
configure:29199: $? = 0
configure:29209: result: yes
configure:29213: checking gssapi/gssapi_generic.h presence
configure:29223: gcc -E  -D_LARGEFILE64_SOURCE -DNE_LFS  conftest.c
configure:29229: $? = 0
configure:29249: result: yes
configure:29284: checking for gssapi/gssapi_generic.h
configure:29291: result: yes
configure:29305: checking whether GSS_C_NT_HOSTBASED_SERVICE is declared
configure:29334: gcc -c -g -O2  -D_LARGEFILE64_SOURCE -DNE_LFS  conftest.c >&5
configure:29340: $? = 0
configure:29344: test -z 
			 || test ! -s conftest.err
configure:29347: $? = 0
configure:29350: test -s conftest.o
configure:29353: $? = 0
configure:29364: result: yes
configure:29420: WebDAV support is not enabled
configure:32022: Internationalization support not enabled
configure:32059: debugging is disabled
configure:32194: checking for pkg-config
configure:32212: found /usr/bin/pkg-config
configure:32225: result: /usr/bin/pkg-config
configure:32354: creating ./config.status

## ---------------------- ##
## Running config.status. ##
## ---------------------- ##

This file was extended by neon config.status 0.27.2, which was
generated by GNU Autoconf 2.59.  Invocation command line was

  CONFIG_FILES    = 
  CONFIG_HEADERS  = 
  CONFIG_LINKS    = 
  CONFIG_COMMANDS = 
  $ ./config.status 

on localhost.localdomain

config.status:713: creating neon-config
config.status:713: creating Makefile
config.status:713: creating src/Makefile
config.status:713: creating test/Makefile
config.status:713: creating neon.pc
config.status:821: creating config.h
configure:33455: Configured to build neon 0.27.2:

  Install prefix:  /usr/local
  Compiler:        gcc
  XML Parser:      none needed
  SSL library:     SSL support is not enabled
  zlib support:    zlib support enabled, using -lz
  Build libraries: Shared=no, Static=yes


## ---------------- ##
## Cache variables. ##
## ---------------- ##

ac_cv_build=i686-redhat-linux-gnu
ac_cv_build_alias=i686-redhat-linux-gnu
ac_cv_c_bigendian=no
ac_cv_c_compiler_gnu=yes
ac_cv_c_const=yes
ac_cv_c_inline=inline
ac_cv_cxx_compiler_gnu=yes
ac_cv_env_CC_set=
ac_cv_env_CC_value=
ac_cv_env_CFLAGS_set=
ac_cv_env_CFLAGS_value=
ac_cv_env_CPPFLAGS_set=
ac_cv_env_CPPFLAGS_value=
ac_cv_env_CPP_set=
ac_cv_env_CPP_value=
ac_cv_env_CXXCPP_set=
ac_cv_env_CXXCPP_value=
ac_cv_env_CXXFLAGS_set=
ac_cv_env_CXXFLAGS_value=
ac_cv_env_CXX_set=
ac_cv_env_CXX_value=
ac_cv_env_F77_set=
ac_cv_env_F77_value=
ac_cv_env_FFLAGS_set=
ac_cv_env_FFLAGS_value=
ac_cv_env_LDFLAGS_set=
ac_cv_env_LDFLAGS_value=
ac_cv_env_build_alias_set=
ac_cv_env_build_alias_value=
ac_cv_env_host_alias_set=
ac_cv_env_host_alias_value=
ac_cv_env_target_alias_set=
ac_cv_env_target_alias_value=
ac_cv_exeext=
ac_cv_f77_compiler_gnu=yes
ac_cv_func_fcntl=yes
ac_cv_func_fstat64=yes
ac_cv_func_gai_strerror=yes
ac_cv_func_getnameinfo=yes
ac_cv_func_getsockopt=yes
ac_cv_func_gss_init_sec_context=yes
ac_cv_func_inet_ntop=yes
ac_cv_func_isatty=yes
ac_cv_func_lseek64=yes
ac_cv_func_pipe=yes
ac_cv_func_poll=yes
ac_cv_func_setlocale=yes
ac_cv_func_setsockopt=yes
ac_cv_func_setvbuf=yes
ac_cv_func_shutdown=yes
ac_cv_func_signal=yes
ac_cv_func_snprintf=yes
ac_cv_func_stpcpy=yes
ac_cv_func_strcasecmp=yes
ac_cv_func_strerror_r=yes
ac_cv_func_strerror_r_char_p=yes
ac_cv_func_strtoll=yes
ac_cv_func_usleep=yes
ac_cv_func_vsnprintf=yes
ac_cv_have_decl_GSS_C_NT_HOSTBASED_SERVICE=yes
ac_cv_have_decl_stpcpy=yes
ac_cv_have_decl_strerror_r=yes
ac_cv_header_arpa_inet_h=yes
ac_cv_header_dlfcn_h=yes
ac_cv_header_errno_h=yes
ac_cv_header_fcntl_h=yes
ac_cv_header_gssapi_gssapi_generic_h=yes
ac_cv_header_gssapi_gssapi_h=yes
ac_cv_header_iconv_h=yes
ac_cv_header_inttypes_h=yes
ac_cv_header_libintl_h=yes
ac_cv_header_limits_h=yes
ac_cv_header_locale_h=yes
ac_cv_header_memory_h=yes
ac_cv_header_netdb_h=yes
ac_cv_header_netinet_in_h=yes
ac_cv_header_netinet_tcp_h=yes
ac_cv_header_signal_h=yes
ac_cv_header_stdarg_h=yes
ac_cv_header_stdc=yes
ac_cv_header_stdint_h=yes
ac_cv_header_stdlib_h=yes
ac_cv_header_string_h=yes
ac_cv_header_strings_h=yes
ac_cv_header_sys_limits_h=no
ac_cv_header_sys_poll_h=yes
ac_cv_header_sys_select_h=yes
ac_cv_header_sys_socket_h=yes
ac_cv_header_sys_stat_h=yes
ac_cv_header_sys_time_h=yes
ac_cv_header_sys_types_h=yes
ac_cv_header_time=yes
ac_cv_header_unistd_h=yes
ac_cv_header_zlib_h=yes
ac_cv_host=i686-redhat-linux-gnu
ac_cv_host_alias=i686-redhat-linux-gnu
ac_cv_lib_cposix_strerror=no
ac_cv_lib_z_inflate=yes
ac_cv_member_struct_tm___tm_gmtoff=no
ac_cv_member_struct_tm_tm_gmtoff=yes
ac_cv_objext=o
ac_cv_path_KRB5_CONFIG=/usr/kerberos/bin/krb5-config
ac_cv_path_PKG_CONFIG=/usr/bin/pkg-config
ac_cv_path_ac_pt_AR=/usr/bin/ar
ac_cv_path_ac_pt_RANLIB=/usr/bin/ranlib
ac_cv_path_install='/usr/bin/install -c'
ac_cv_prog_CPP='gcc -E'
ac_cv_prog_CXXCPP='g++ -E'
ac_cv_prog_ac_ct_AR=ar
ac_cv_prog_ac_ct_CC=gcc
ac_cv_prog_ac_ct_CXX=g++
ac_cv_prog_ac_ct_F77=f95
ac_cv_prog_ac_ct_RANLIB=ranlib
ac_cv_prog_ac_ct_STRIP=strip
ac_cv_prog_cc_g=yes
ac_cv_prog_cc_stdc=
ac_cv_prog_cxx_g=yes
ac_cv_prog_egrep='grep -E'
ac_cv_prog_f77_g=yes
ac_cv_prog_make_make_set=yes
ac_cv_sizeof_int=4
ac_cv_sizeof_long=4
ac_cv_sizeof_long_long=8
ac_cv_sizeof_off64_t=8
ac_cv_sizeof_off_t=4
ac_cv_sizeof_size_t=4
ac_cv_sizeof_ssize_t=4
ac_cv_sizeof_time_t=4
ac_cv_type_int=yes
ac_cv_type_long=yes
ac_cv_type_long_long=yes
ac_cv_type_off64_t=yes
ac_cv_type_off_t=yes
ac_cv_type_pid_t=yes
ac_cv_type_size_t=yes
ac_cv_type_socklen_t=yes
ac_cv_type_ssize_t=yes
ac_cv_type_time_t=yes
lt_cv_deplibs_check_method=pass_all
lt_cv_file_magic_cmd='$MAGIC_CMD'
lt_cv_file_magic_test_file=
lt_cv_ld_reload_flag=-r
lt_cv_objdir=.libs
lt_cv_path_LD=/usr/bin/ld
lt_cv_path_LDCXX=/usr/bin/ld
lt_cv_path_NM='/usr/bin/nm -B'
lt_cv_path_SED=/bin/sed
lt_cv_prog_compiler_c_o=yes
lt_cv_prog_compiler_c_o_CXX=yes
lt_cv_prog_compiler_c_o_F77=yes
lt_cv_prog_compiler_rtti_exceptions=no
lt_cv_prog_gnu_ld=yes
lt_cv_prog_gnu_ldcxx=yes
lt_cv_sys_global_symbol_pipe='sed -n -e '\''s/^.*[ 	]\([ABCDGIRSTW][ABCDGIRSTW]*\)[ 	][ 	]*\([_A-Za-z][_A-Za-z0-9]*\)$/\1 \2 \2/p'\'''
lt_cv_sys_global_symbol_to_c_name_address='sed -n -e '\''s/^: \([^ ]*\) $/  {\"\1\", (lt_ptr) 0},/p'\'' -e '\''s/^[BCDEGRST] \([^ ]*\) \([^ ]*\)$/  {"\2", (lt_ptr) \&\2},/p'\'''
lt_cv_sys_global_symbol_to_cdecl='sed -n -e '\''s/^. .* \(.*\)$/extern int \1;/p'\'''
lt_cv_sys_max_cmd_len=32768
lt_lt_cv_prog_compiler_c_o='"yes"'
lt_lt_cv_prog_compiler_c_o_CXX='"yes"'
lt_lt_cv_prog_compiler_c_o_F77='"yes"'
lt_lt_cv_sys_global_symbol_pipe='"sed -n -e '\''s/^.*[ 	]\\([ABCDGIRSTW][ABCDGIRSTW]*\\)[ 	][ 	]*\\([_A-Za-z][_A-Za-z0-9]*\\)\$/\\1 \\2 \\2/p'\''"'
lt_lt_cv_sys_global_symbol_to_c_name_address='"sed -n -e '\''s/^: \\([^ ]*\\) \$/  {\\\"\\1\\\", (lt_ptr) 0},/p'\'' -e '\''s/^[BCDEGRST] \\([^ ]*\\) \\([^ ]*\\)\$/  {\"\\2\", (lt_ptr) \\&\\2},/p'\''"'
lt_lt_cv_sys_global_symbol_to_cdecl='"sed -n -e '\''s/^. .* \\(.*\\)\$/extern int \\1;/p'\''"'
ne_cv_cc_timezone=yes
ne_cv_cc_werror=yes
ne_cv_fmt_off64_t=lld
ne_cv_fmt_off_t=ld
ne_cv_fmt_size_t=u
ne_cv_fmt_ssize_t=d
ne_cv_fmt_time_t=ld
ne_cv_gai_addrconfig=yes
ne_cv_libsfor_getaddrinfo='none needed'
ne_cv_libsfor_socket='none needed'
ne_cv_os_uname=Linux

## ----------------- ##
## Output variables. ##
## ----------------- ##

ALLOW_INSTALL='yes'
ALL_LINGUAS='cs de fr ja nn ru tr zh'
AR='/usr/bin/ar'
CC='gcc'
CFLAGS='-g -O2'
CPP='gcc -E'
CPPFLAGS=' -D_LARGEFILE64_SOURCE -DNE_LFS  -I${top_builddir}'
CXX='g++'
CXXCPP='g++ -E'
CXXFLAGS='-g -O2'
DEFS='-DHAVE_CONFIG_H'
ECHO='echo'
ECHO_C=''
ECHO_N='-n'
ECHO_T=''
EGREP='grep -E'
EXEEXT=''
F77='f95'
FFLAGS='-g -O2'
GNUTLS_CONFIG=''
HELPERS=' $(ZLIB_HELPERS)'
INSTALL_DATA='${INSTALL} -m 644'
INSTALL_PROGRAM='${INSTALL}'
INSTALL_SCRIPT='${INSTALL}'
KRB5_CONFIG='/usr/kerberos/bin/krb5-config'
LDFLAGS=''
LIBOBJS=''
LIBS=''
LIBTOOL='$(SHELL) $(top_builddir)/libtool'
LN_S='ln -s'
LTLIBOBJS=''
NEONOBJS=' $(NEON_BASEOBJS)'
NEON_BUILD_BUNDLED='yes'
NEON_CFLAGS=' -D_LARGEFILE64_SOURCE -DNE_LFS'
NEON_EXTRAOBJS=' ne_stubssl.lo'
NEON_LIBS=' -lz -lgssapi_krb5 -lkrb5 -lk5crypto -lcom_err'
NEON_LINK_FLAGS='-version-info 27:2:0 -export-symbols-regex '^ne_[^_]''
NEON_LTLIBS=''
NEON_OBJEXT='lo'
NEON_PC_LIBS=''
NEON_SUPPORTS_SSL=''
NEON_TARGET='libneon.la'
NEON_VERSION='0.27.2'
NE_FLAG_DAV='no'
NE_FLAG_I18N='no'
NE_FLAG_IPV6='yes'
NE_FLAG_LFS='yes'
NE_FLAG_SOCKS='no'
NE_FLAG_SSL='no'
NE_FLAG_TS_SSL='no'
NE_FLAG_ZLIB='yes'
OBJEXT='o'
OPENSSL=''
PACKAGE_BUGREPORT='neon@webdav.org'
PACKAGE_NAME='neon'
PACKAGE_STRING='neon 0.27.2'
PACKAGE_TARNAME='neon'
PACKAGE_VERSION='0.27.2'
PATH_SEPARATOR=':'
PKG_CONFIG='/usr/bin/pkg-config'
RANLIB='/usr/bin/ranlib'
SED='/bin/sed'
SET_MAKE=''
SHELL='/bin/sh'
STRIP='strip'
TESTS='$(BASIC_TESTS) $(ZLIB_TESTS)'
TEST_LDFLAGS='-no-install'
XML2_CONFIG=''
ac_ct_AR='ar'
ac_ct_CC='gcc'
ac_ct_CXX='g++'
ac_ct_F77='f95'
ac_ct_RANLIB='ranlib'
ac_ct_STRIP='strip'
ac_pt_AR='/usr/bin/ar'
ac_pt_RANLIB='/usr/bin/ranlib'
bindir='${exec_prefix}/bin'
build='i686-redhat-linux-gnu'
build_alias=''
build_cpu='i686'
build_os='linux-gnu'
build_vendor='redhat'
datadir='${prefix}/share'
exec_prefix='${prefix}'
host='i686-redhat-linux-gnu'
host_alias=''
host_cpu='i686'
host_os='linux-gnu'
host_vendor='redhat'
includedir='${prefix}/include'
infodir='${prefix}/info'
libdir='${exec_prefix}/lib'
libexecdir='${exec_prefix}/libexec'
localstatedir='${prefix}/var'
mandir='${prefix}/man'
oldincludedir='/usr/include'
prefix='/usr/local'
program_transform_name='s,x,x,'
sbindir='${exec_prefix}/sbin'
sharedstatedir='${prefix}/com'
sysconfdir='${prefix}/etc'
target_alias=''
top_builddir=''
user_LDFLAGS=''

## ----------- ##
## confdefs.h. ##
## ----------- ##

#define HAVE_ARPA_INET_H 1
#define HAVE_DECL_STPCPY 1
#define HAVE_DECL_STRERROR_R 1
#define HAVE_DLFCN_H 1
#define HAVE_ERRNO_H 1
#define HAVE_FCNTL 1
#define HAVE_FCNTL_H 1
#define HAVE_FSTAT64 1
#define HAVE_GAI_STRERROR 1
#define HAVE_GETNAMEINFO 1
#define HAVE_GETSOCKOPT 1
#define HAVE_GSSAPI 1
#define HAVE_GSSAPI_GSSAPI_GENERIC_H 1
#define HAVE_GSSAPI_GSSAPI_H 1
#define HAVE_GSS_INIT_SEC_CONTEXT 1
#define HAVE_ICONV_H 1
#define HAVE_INET_NTOP 1
#define HAVE_INTTYPES_H 1
#define HAVE_ISATTY 1
#define HAVE_LIBINTL_H 1
#define HAVE_LIMITS_H 1
#define HAVE_LOCALE_H 1
#define HAVE_LSEEK64 1
#define HAVE_MEMORY_H 1
#define HAVE_NETDB_H 1
#define HAVE_NETINET_IN_H 1
#define HAVE_NETINET_TCP_H 1
#define HAVE_PIPE 1
#define HAVE_POLL 1
#define HAVE_SETLOCALE 1
#define HAVE_SETSOCKOPT 1
#define HAVE_SETVBUF 1
#define HAVE_SHUTDOWN 1
#define HAVE_SIGNAL 1
#define HAVE_SIGNAL_H 1
#define HAVE_SNPRINTF 1
#define HAVE_SOCKLEN_T 1
#define HAVE_STDARG_H 1
#define HAVE_STDINT_H 1
#define HAVE_STDINT_H 1
#define HAVE_STDLIB_H 1
#define HAVE_STDLIB_H 1
#define HAVE_STPCPY 1
#define HAVE_STRCASECMP 1
#define HAVE_STRERROR_R 1
#define HAVE_STRINGS_H 1
#define HAVE_STRING_H 1
#define HAVE_STRING_H 1
#define HAVE_STRTOLL 1
#define HAVE_STRUCT_TM_TM_GMTOFF 1
#define HAVE_SYS_POLL_H 1
#define HAVE_SYS_SELECT_H 1
#define HAVE_SYS_SOCKET_H 1
#define HAVE_SYS_STAT_H 1
#define HAVE_SYS_TIME_H 1
#define HAVE_SYS_TIME_H 1
#define HAVE_SYS_TYPES_H 1
#define HAVE_TIMEZONE 1
#define HAVE_UNISTD_H 1
#define HAVE_USLEEP 1
#define HAVE_VSNPRINTF 1
#define NEON_IS_LIBRARY 1
#define NEON_VERSION "0.27.2"
#define NE_FMT_NE_OFF_T NE_FMT_OFF64_T
#define NE_FMT_OFF64_T "lld"
#define NE_FMT_OFF_T "ld"
#define NE_FMT_SIZE_T "u"
#define NE_FMT_SSIZE_T "d"
#define NE_FMT_TIME_T "ld"
#define NE_HAVE_IPV6 1
#define NE_HAVE_LFS 1
#define NE_HAVE_ZLIB 1
#define NE_USE_POLL 1
#define NE_VERSION_MAJOR (0)
#define NE_VERSION_MINOR (27)
#define NE_VERSION_PATCH (2)
#define PACKAGE_BUGREPORT "neon@webdav.org"
#define PACKAGE_NAME "neon"
#define PACKAGE_STRING "neon 0.27.2"
#define PACKAGE_TARNAME "neon"
#define PACKAGE_VERSION "0.27.2"
#define SIZEOF_INT 4
#define SIZEOF_LONG 4
#define SIZEOF_LONG_LONG 8
#define SIZEOF_OFF64_T 8
#define SIZEOF_OFF_T 4
#define SIZEOF_SIZE_T 4
#define SIZEOF_SSIZE_T 4
#define SIZEOF_TIME_T 4
#define STDC_HEADERS 1
#define STRERROR_R_CHAR_P 1
#define TIME_WITH_SYS_TIME 1
#define USE_GAI_ADDRCONFIG 1
#define USE_GETADDRINFO 1
#define _GNU_SOURCE 1
#endif
#ifdef __cplusplus
extern "C" void std::exit (int) throw (); using std::exit;

configure: exit 0
